{"/home/tuyizere/quiz-app-backend/src/app.js":{"path":"/home/tuyizere/quiz-app-backend/src/app.js","statementMap":{"0":{"start":{"line":3,"column":0},"end":{"line":5,"column":3}},"1":{"start":{"line":6,"column":0},"end":{"line":6,"column":28}},"2":{"start":{"line":7,"column":15},"end":{"line":7,"column":57}},"3":{"start":{"line":8,"column":14},"end":{"line":8,"column":55}},"4":{"start":{"line":9,"column":12},"end":{"line":9,"column":51}},"5":{"start":{"line":10,"column":18},"end":{"line":10,"column":64}},"6":{"start":{"line":11,"column":14},"end":{"line":11,"column":55}},"7":{"start":{"line":12,"column":13},"end":{"line":12,"column":63}},"8":{"start":{"line":13,"column":39},"end":{"line":13,"column":95}},"9":{"start":{"line":14,"column":0},"end":{"line":14,"column":28}},"10":{"start":{"line":15,"column":10},"end":{"line":15,"column":36}},"11":{"start":{"line":16,"column":11},"end":{"line":16,"column":27}},"12":{"start":{"line":53,"column":0},"end":{"line":53,"column":36}},"13":{"start":{"line":54,"column":0},"end":{"line":56,"column":4}},"14":{"start":{"line":57,"column":0},"end":{"line":57,"column":41}},"15":{"start":{"line":58,"column":0},"end":{"line":58,"column":33}},"16":{"start":{"line":59,"column":0},"end":{"line":59,"column":27}},"17":{"start":{"line":60,"column":0},"end":{"line":60,"column":67}},"18":{"start":{"line":61,"column":15},"end":{"line":61,"column":18}},"19":{"start":{"line":62,"column":0},"end":{"line":62,"column":30}}},"fnMap":{"0":{"name":"_interopRequireDefault","decl":{"start":{"line":13,"column":9},"end":{"line":13,"column":31}},"loc":{"start":{"line":13,"column":37},"end":{"line":13,"column":97}},"line":13}},"branchMap":{"0":{"loc":{"start":{"line":13,"column":46},"end":{"line":13,"column":94}},"type":"cond-expr","locations":[{"start":{"line":13,"column":70},"end":{"line":13,"column":73}},{"start":{"line":13,"column":76},"end":{"line":13,"column":94}}],"line":13},"1":{"loc":{"start":{"line":13,"column":46},"end":{"line":13,"column":67}},"type":"binary-expr","locations":[{"start":{"line":13,"column":46},"end":{"line":13,"column":49}},{"start":{"line":13,"column":53},"end":{"line":13,"column":67}}],"line":13}},"s":{"0":1,"1":1,"2":1,"3":1,"4":1,"5":1,"6":1,"7":1,"8":6,"9":1,"10":1,"11":1,"12":1,"13":1,"14":1,"15":1,"16":1,"17":1,"18":1,"19":1},"f":{"0":6},"b":{"0":[1,5],"1":[6,6]},"inputSourceMap":{"version":3,"names":["_express","_interopRequireDefault","require","_dotenv","_cors","_bodyParser","_morgan","_index","obj","__esModule","dotenv","config","app","express","PORT","process","env","use","json","bodyParser","urlencoded","extended","morgan","cors","routes","listen","console","log","concat","_default","exports"],"sourceRoot":"/home/tuyizere/quiz-app-backend/src/","sources":["app.js"],"sourcesContent":["import express from \"express\";\nimport dotenv from \"dotenv\";\nimport cors from \"cors\";\nimport bodyParser from \"body-parser\";\nimport morgan from \"morgan\";\nimport routes from \"./routers/index\";\n\ndotenv.config();\n\nconst app = express();\n\nconst PORT = process.env.PORT;\n\n// const options = {\n//   definition: {\n//     openapi: \"3.0.1\",\n//     info: {\n//       version: \"1.0\",\n//       title: \"Quiz API\",\n//       description: \"Quiz API\",\n//     },\n//     servers: [\n//       {\n//         url: `http://localhost:${PORT || 5000}`,\n//       },\n//     ],\n//     components: {\n//       securitySchemes: {\n//         bearerAuth: {\n//           type: \"http\",\n//           scheme: \"bearer\",\n//           bearerFormat: \"JWT\",\n//         },\n//       },\n//     },\n//   },\n//   apis: [\"./routers/*.js\"],\n//   security: [{ bearerAuth: [] }],\n// };\n\n// const specs = swaggerJSDoc(options);\n\n// app.use(\n//   \"/api-docs\",\n//   swaggerUI.serve,\n//   swaggerUI.setup(options, { explorer: true })\n// );\n\napp.use(express.json());\napp.use(bodyParser.urlencoded({ extended: false }));\napp.use(morgan(\"tiny\"));\napp.use(cors());\napp.use(routes);\n\napp.listen(PORT, console.log(`Server Listening on ${PORT}`));\n\nexport default app;\n"],"mappings":";;;;;;AAAA,IAAAA,QAAA,GAAAC,sBAAA,CAAAC,OAAA;AACA,IAAAC,OAAA,GAAAF,sBAAA,CAAAC,OAAA;AACA,IAAAE,KAAA,GAAAH,sBAAA,CAAAC,OAAA;AACA,IAAAG,WAAA,GAAAJ,sBAAA,CAAAC,OAAA;AACA,IAAAI,OAAA,GAAAL,sBAAA,CAAAC,OAAA;AACA,IAAAK,MAAA,GAAAN,sBAAA,CAAAC,OAAA;AAAqC,SAAAD,uBAAAO,GAAA,WAAAA,GAAA,IAAAA,GAAA,CAAAC,UAAA,GAAAD,GAAA,gBAAAA,GAAA;AAErCE,kBAAM,CAACC,MAAM,EAAE;AAEf,IAAMC,GAAG,GAAG,IAAAC,mBAAO,GAAE;AAErB,IAAMC,IAAI,GAAGC,OAAO,CAACC,GAAG,CAACF,IAAI;;AAE7B;AACA;AACA;AACA;AACA;AACA;AACA;AACA;AACA;AACA;AACA;AACA;AACA;AACA;AACA;AACA;AACA;AACA;AACA;AACA;AACA;AACA;AACA;AACA;AACA;AACA;;AAEA;;AAEA;AACA;AACA;AACA;AACA;;AAEAF,GAAG,CAACK,GAAG,CAACJ,mBAAO,CAACK,IAAI,EAAE,CAAC;AACvBN,GAAG,CAACK,GAAG,CAACE,sBAAU,CAACC,UAAU,CAAC;EAAEC,QAAQ,EAAE;AAAM,CAAC,CAAC,CAAC;AACnDT,GAAG,CAACK,GAAG,CAAC,IAAAK,kBAAM,EAAC,MAAM,CAAC,CAAC;AACvBV,GAAG,CAACK,GAAG,CAAC,IAAAM,gBAAI,GAAE,CAAC;AACfX,GAAG,CAACK,GAAG,CAACO,iBAAM,CAAC;AAEfZ,GAAG,CAACa,MAAM,CAACX,IAAI,EAAEY,OAAO,CAACC,GAAG,wBAAAC,MAAA,CAAwBd,IAAI,EAAG,CAAC;AAAC,IAAAe,QAAA,GAE9CjB,GAAG;AAAAkB,OAAA,cAAAD,QAAA"},"_coverageSchema":"1a1c01bbd47fc00a2c39e90264f33305004495a9","hash":"31c42099d18d8943eea9789fca334218a90c1957","contentHash":"ebed96b612870abce55d01c55af0bc3bfc2d4fbc402576a487e89f5cbd3e4b3b"},"/home/tuyizere/quiz-app-backend/src/routers/index.js":{"path":"/home/tuyizere/quiz-app-backend/src/routers/index.js","statementMap":{"0":{"start":{"line":3,"column":0},"end":{"line":5,"column":3}},"1":{"start":{"line":6,"column":0},"end":{"line":6,"column":28}},"2":{"start":{"line":7,"column":15},"end":{"line":7,"column":57}},"3":{"start":{"line":8,"column":12},"end":{"line":8,"column":61}},"4":{"start":{"line":9,"column":20},"end":{"line":9,"column":68}},"5":{"start":{"line":10,"column":24},"end":{"line":10,"column":77}},"6":{"start":{"line":11,"column":22},"end":{"line":11,"column":79}},"7":{"start":{"line":12,"column":15},"end":{"line":12,"column":67}},"8":{"start":{"line":13,"column":39},"end":{"line":13,"column":95}},"9":{"start":{"line":14,"column":17},"end":{"line":14,"column":74}},"10":{"start":{"line":15,"column":13},"end":{"line":15,"column":39}},"11":{"start":{"line":16,"column":0},"end":{"line":16,"column":37}},"12":{"start":{"line":17,"column":0},"end":{"line":17,"column":45}},"13":{"start":{"line":18,"column":0},"end":{"line":18,"column":108}},"14":{"start":{"line":19,"column":0},"end":{"line":23,"column":3}},"15":{"start":{"line":20,"column":2},"end":{"line":22,"column":5}},"16":{"start":{"line":24,"column":15},"end":{"line":24,"column":21}},"17":{"start":{"line":25,"column":0},"end":{"line":25,"column":30}}},"fnMap":{"0":{"name":"_interopRequireDefault","decl":{"start":{"line":13,"column":9},"end":{"line":13,"column":31}},"loc":{"start":{"line":13,"column":37},"end":{"line":13,"column":97}},"line":13},"1":{"name":"(anonymous_1)","decl":{"start":{"line":19,"column":16},"end":{"line":19,"column":17}},"loc":{"start":{"line":19,"column":36},"end":{"line":23,"column":1}},"line":19}},"branchMap":{"0":{"loc":{"start":{"line":13,"column":46},"end":{"line":13,"column":94}},"type":"cond-expr","locations":[{"start":{"line":13,"column":70},"end":{"line":13,"column":73}},{"start":{"line":13,"column":76},"end":{"line":13,"column":94}}],"line":13},"1":{"loc":{"start":{"line":13,"column":46},"end":{"line":13,"column":67}},"type":"binary-expr","locations":[{"start":{"line":13,"column":46},"end":{"line":13,"column":49}},{"start":{"line":13,"column":53},"end":{"line":13,"column":67}}],"line":13}},"s":{"0":1,"1":1,"2":1,"3":1,"4":1,"5":1,"6":1,"7":1,"8":6,"9":1,"10":1,"11":1,"12":1,"13":1,"14":1,"15":1,"16":1,"17":1},"f":{"0":6,"1":1},"b":{"0":[3,3],"1":[6,6]},"inputSourceMap":{"version":3,"names":["_express","_interopRequireDefault","require","_user","_swaggerJsdoc","_swaggerUiExpress","_swaggerOptions","_welcome","obj","__esModule","swaggerDoc","swaggerJsdoc","swaggerOptions","routes","express","use","welcomeRoute","userRoute","swaggerUI","serve","setup","get","req","res","status","json","message","_default","exports"],"sourceRoot":"/home/tuyizere/quiz-app-backend/src/routers/","sources":["index.js"],"sourcesContent":["import express from \"express\";\nimport userRoute from \"./user.routers\";\nimport swaggerJsdoc from \"swagger-jsdoc\";\nimport swaggerUI from \"swagger-ui-express\";\nimport swaggerOptions from \"../util/swaggerOptions\";\nimport welcomeRoute from \"./welcome.routers\";\n\nconst swaggerDoc = swaggerJsdoc(swaggerOptions);\nconst routes = express();\n\nroutes.use(\"/\", welcomeRoute);\n\nroutes.use(\"/api/v1/user\", userRoute);\n\nroutes.use(\"/api-docs\", swaggerUI.serve, swaggerUI.setup(swaggerDoc));\n\nroutes.get(\"*\", (req, res) => {\n  res.status(404).json({\n    message: \"Page not found, try again\",\n  });\n});\n\nexport default routes;\n"],"mappings":";;;;;;AAAA,IAAAA,QAAA,GAAAC,sBAAA,CAAAC,OAAA;AACA,IAAAC,KAAA,GAAAF,sBAAA,CAAAC,OAAA;AACA,IAAAE,aAAA,GAAAH,sBAAA,CAAAC,OAAA;AACA,IAAAG,iBAAA,GAAAJ,sBAAA,CAAAC,OAAA;AACA,IAAAI,eAAA,GAAAL,sBAAA,CAAAC,OAAA;AACA,IAAAK,QAAA,GAAAN,sBAAA,CAAAC,OAAA;AAA6C,SAAAD,uBAAAO,GAAA,WAAAA,GAAA,IAAAA,GAAA,CAAAC,UAAA,GAAAD,GAAA,gBAAAA,GAAA;AAE7C,IAAME,UAAU,GAAG,IAAAC,wBAAY,EAACC,0BAAc,CAAC;AAC/C,IAAMC,MAAM,GAAG,IAAAC,mBAAO,GAAE;AAExBD,MAAM,CAACE,GAAG,CAAC,GAAG,EAAEC,mBAAY,CAAC;AAE7BH,MAAM,CAACE,GAAG,CAAC,cAAc,EAAEE,gBAAS,CAAC;AAErCJ,MAAM,CAACE,GAAG,CAAC,WAAW,EAAEG,4BAAS,CAACC,KAAK,EAAED,4BAAS,CAACE,KAAK,CAACV,UAAU,CAAC,CAAC;AAErEG,MAAM,CAACQ,GAAG,CAAC,GAAG,EAAE,UAACC,GAAG,EAAEC,GAAG,EAAK;EAC5BA,GAAG,CAACC,MAAM,CAAC,GAAG,CAAC,CAACC,IAAI,CAAC;IACnBC,OAAO,EAAE;EACX,CAAC,CAAC;AACJ,CAAC,CAAC;AAAC,IAAAC,QAAA,GAEYd,MAAM;AAAAe,OAAA,cAAAD,QAAA"},"_coverageSchema":"1a1c01bbd47fc00a2c39e90264f33305004495a9","hash":"542b48f6f216da38de461dd19197add95506d336","contentHash":"59ac02c78ad780645655e5364033bbc30fbd2d3817c3ba46ce868cfd6d670b5a"},"/home/tuyizere/quiz-app-backend/src/routers/user.routers.js":{"path":"/home/tuyizere/quiz-app-backend/src/routers/user.routers.js","statementMap":{"0":{"start":{"line":3,"column":0},"end":{"line":5,"column":3}},"1":{"start":{"line":6,"column":0},"end":{"line":6,"column":28}},"2":{"start":{"line":7,"column":12},"end":{"line":7,"column":78}},"3":{"start":{"line":8,"column":15},"end":{"line":8,"column":57}},"4":{"start":{"line":9,"column":13},"end":{"line":9,"column":55}},"5":{"start":{"line":10,"column":13},"end":{"line":10,"column":54}},"6":{"start":{"line":11,"column":39},"end":{"line":11,"column":95}},"7":{"start":{"line":12,"column":13},"end":{"line":12,"column":39}},"8":{"start":{"line":51,"column":0},"end":{"line":51,"column":102}},"9":{"start":{"line":86,"column":0},"end":{"line":86,"column":98}},"10":{"start":{"line":87,"column":15},"end":{"line":87,"column":21}},"11":{"start":{"line":88,"column":0},"end":{"line":88,"column":30}}},"fnMap":{"0":{"name":"_interopRequireDefault","decl":{"start":{"line":11,"column":9},"end":{"line":11,"column":31}},"loc":{"start":{"line":11,"column":37},"end":{"line":11,"column":97}},"line":11}},"branchMap":{"0":{"loc":{"start":{"line":11,"column":46},"end":{"line":11,"column":94}},"type":"cond-expr","locations":[{"start":{"line":11,"column":70},"end":{"line":11,"column":73}},{"start":{"line":11,"column":76},"end":{"line":11,"column":94}}],"line":11},"1":{"loc":{"start":{"line":11,"column":46},"end":{"line":11,"column":67}},"type":"binary-expr","locations":[{"start":{"line":11,"column":46},"end":{"line":11,"column":49}},{"start":{"line":11,"column":53},"end":{"line":11,"column":67}}],"line":11}},"s":{"0":1,"1":1,"2":1,"3":1,"4":1,"5":1,"6":2,"7":1,"8":1,"9":1,"10":1,"11":1},"f":{"0":2},"b":{"0":[1,1],"1":[2,2]},"inputSourceMap":{"version":3,"names":["_user","_interopRequireDefault","require","_express","_user2","_user3","obj","__esModule","router","express","post","userValidation","checkUserExist","userController","registerUser","loginValidation","checkUserExistLogin","login","_default","exports"],"sourceRoot":"/home/tuyizere/quiz-app-backend/src/routers/","sources":["user.routers.js"],"sourcesContent":["import userController from \"../controllers/user.controllers\";\nimport express from \"express\";\nimport {\n  userValidation,\n  loginValidation,\n} from \"../validations/user.validations\";\nimport {\n  checkUserExist,\n  checkUserExistLogin,\n} from \"../middlewares/user.middleware\";\n\nconst router = express();\n\n/**\n * @swagger\n * tags:\n *   name: Auth\n *   description: API for managing authentication\n */\n\n/**\n * @swagger\n * /api/v1/user/register:\n *   post:\n *     summary: User registrations\n *     tags: [Auth]\n *     requestBody:\n *       required: true\n *       content:\n *         application/json:\n *           schema:\n *             type: object\n *             properties:\n *               username:\n *                 type: string\n *               email:\n *                  type: string\n *               password:\n *                 type: string\n *               confirm_password:\n *                 type: string\n *     responses:\n *       200:\n *         description: Returns a created user\n *       401:\n *         description: Unauthorized - invalid credentials\n *       500:\n *         description: Internal server error\n */\n\nrouter.post(\n  \"/register\",\n  userValidation,\n  checkUserExist,\n  userController.registerUser\n);\n\n/**\n * @swagger\n * tags:\n *   name: Auth\n *   description: API for managing authentication\n */\n\n/**\n * @swagger\n * /api/v1/user/login:\n *   post:\n *     summary: User login\n *     tags: [Auth]\n *     requestBody:\n *       required: true\n *       content:\n *         application/json:\n *           schema:\n *             type: object\n *             properties:\n *               username:\n *                 type: string\n *               password:\n *                 type: string\n *     responses:\n *       200:\n *         description: Returns a JWT token\n *       401:\n *         description: Unauthorized - invalid credentials\n *       500:\n *         description: Internal server error\n */\n\nrouter.post(\n  \"/login\",\n  loginValidation,\n  checkUserExistLogin,\n  userController.login\n);\n\nexport default router;\n"],"mappings":";;;;;;AAAA,IAAAA,KAAA,GAAAC,sBAAA,CAAAC,OAAA;AACA,IAAAC,QAAA,GAAAF,sBAAA,CAAAC,OAAA;AACA,IAAAE,MAAA,GAAAF,OAAA;AAIA,IAAAG,MAAA,GAAAH,OAAA;AAGwC,SAAAD,uBAAAK,GAAA,WAAAA,GAAA,IAAAA,GAAA,CAAAC,UAAA,GAAAD,GAAA,gBAAAA,GAAA;AAExC,IAAME,MAAM,GAAG,IAAAC,mBAAO,GAAE;;AAExB;AACA;AACA;AACA;AACA;AACA;;AAEA;AACA;AACA;AACA;AACA;AACA;AACA;AACA;AACA;AACA;AACA;AACA;AACA;AACA;AACA;AACA;AACA;AACA;AACA;AACA;AACA;AACA;AACA;AACA;AACA;AACA;AACA;AACA;AACA;;AAEAD,MAAM,CAACE,IAAI,CACT,WAAW,EACXC,qBAAc,EACdC,qBAAc,EACdC,gBAAc,CAACC,YAAY,CAC5B;;AAED;AACA;AACA;AACA;AACA;AACA;;AAEA;AACA;AACA;AACA;AACA;AACA;AACA;AACA;AACA;AACA;AACA;AACA;AACA;AACA;AACA;AACA;AACA;AACA;AACA;AACA;AACA;AACA;AACA;AACA;AACA;;AAEAN,MAAM,CAACE,IAAI,CACT,QAAQ,EACRK,sBAAe,EACfC,0BAAmB,EACnBH,gBAAc,CAACI,KAAK,CACrB;AAAC,IAAAC,QAAA,GAEaV,MAAM;AAAAW,OAAA,cAAAD,QAAA"},"_coverageSchema":"1a1c01bbd47fc00a2c39e90264f33305004495a9","hash":"1b0311773b7e6c2b2f9e59c1a16111c18dbb0a54","contentHash":"dd691d2d4254d33aba46d5f6df818658c66083cb405557722681be09470d1229"},"/home/tuyizere/quiz-app-backend/src/controllers/user.controllers.js":{"path":"/home/tuyizere/quiz-app-backend/src/controllers/user.controllers.js","statementMap":{"0":{"start":{"line":3,"column":0},"end":{"line":5,"column":3}},"1":{"start":{"line":6,"column":0},"end":{"line":6,"column":54}},"2":{"start":{"line":7,"column":12},"end":{"line":7,"column":48}},"3":{"start":{"line":8,"column":16},"end":{"line":8,"column":59}},"4":{"start":{"line":9,"column":13},"end":{"line":9,"column":37}},"5":{"start":{"line":10,"column":39},"end":{"line":10,"column":95}},"6":{"start":{"line":11,"column":51},"end":{"line":11,"column":334}},"7":{"start":{"line":11,"column":153},"end":{"line":11,"column":171}},"8":{"start":{"line":11,"column":193},"end":{"line":11,"column":317}},"9":{"start":{"line":12,"column":196},"end":{"line":12,"column":269}},"10":{"start":{"line":12,"column":251},"end":{"line":12,"column":266}},"11":{"start":{"line":12,"column":284},"end":{"line":12,"column":286}},"12":{"start":{"line":12,"column":293},"end":{"line":12,"column":309}},"13":{"start":{"line":12,"column":320},"end":{"line":12,"column":337}},"14":{"start":{"line":12,"column":356},"end":{"line":12,"column":433}},"15":{"start":{"line":12,"column":409},"end":{"line":12,"column":431}},"16":{"start":{"line":12,"column":445},"end":{"line":12,"column":486}},"17":{"start":{"line":12,"column":505},"end":{"line":12,"column":537}},"18":{"start":{"line":12,"column":561},"end":{"line":12,"column":603}},"19":{"start":{"line":12,"column":625},"end":{"line":12,"column":663}},"20":{"start":{"line":12,"column":700},"end":{"line":12,"column":815}},"21":{"start":{"line":12,"column":818},"end":{"line":12,"column":929}},"22":{"start":{"line":12,"column":824},"end":{"line":12,"column":839}},"23":{"start":{"line":12,"column":856},"end":{"line":12,"column":927}},"24":{"start":{"line":12,"column":900},"end":{"line":12,"column":924}},"25":{"start":{"line":12,"column":1004},"end":{"line":12,"column":1075}},"26":{"start":{"line":12,"column":1089},"end":{"line":12,"column":1128}},"27":{"start":{"line":12,"column":1140},"end":{"line":12,"column":1170}},"28":{"start":{"line":12,"column":1172},"end":{"line":12,"column":1280}},"29":{"start":{"line":12,"column":1317},"end":{"line":12,"column":1427}},"30":{"start":{"line":12,"column":1323},"end":{"line":12,"column":1373}},"31":{"start":{"line":12,"column":1390},"end":{"line":12,"column":1425}},"32":{"start":{"line":12,"column":1430},"end":{"line":12,"column":1450}},"33":{"start":{"line":12,"column":1474},"end":{"line":12,"column":1476}},"34":{"start":{"line":12,"column":1599},"end":{"line":12,"column":1601}},"35":{"start":{"line":12,"column":1603},"end":{"line":12,"column":1675}},"36":{"start":{"line":12,"column":1659},"end":{"line":12,"column":1671}},"37":{"start":{"line":12,"column":1691},"end":{"line":12,"column":1712}},"38":{"start":{"line":12,"column":1740},"end":{"line":12,"column":1782}},"39":{"start":{"line":12,"column":1784},"end":{"line":12,"column":1947}},"40":{"start":{"line":12,"column":1957},"end":{"line":12,"column":2050}},"41":{"start":{"line":12,"column":2096},"end":{"line":12,"column":2236}},"42":{"start":{"line":12,"column":2152},"end":{"line":12,"column":2232}},"43":{"start":{"line":12,"column":2195},"end":{"line":12,"column":2228}},"44":{"start":{"line":12,"column":2349},"end":{"line":12,"column":2392}},"45":{"start":{"line":12,"column":2394},"end":{"line":12,"column":2886}},"46":{"start":{"line":12,"column":2438},"end":{"line":12,"column":2448}},"47":{"start":{"line":12,"column":2458},"end":{"line":12,"column":2470}},"48":{"start":{"line":12,"column":2472},"end":{"line":12,"column":2884}},"49":{"start":{"line":12,"column":2609},"end":{"line":12,"column":2648}},"50":{"start":{"line":12,"column":2669},"end":{"line":12,"column":2707}},"51":{"start":{"line":12,"column":2768},"end":{"line":12,"column":2810}},"52":{"start":{"line":12,"column":2833},"end":{"line":12,"column":2880}},"53":{"start":{"line":12,"column":2887},"end":{"line":12,"column":2906}},"54":{"start":{"line":12,"column":2930},"end":{"line":12,"column":3294}},"55":{"start":{"line":12,"column":3041},"end":{"line":12,"column":3134}},"56":{"start":{"line":12,"column":3093},"end":{"line":12,"column":3130}},"57":{"start":{"line":12,"column":3137},"end":{"line":12,"column":3288}},"58":{"start":{"line":12,"column":3361},"end":{"line":12,"column":3377}},"59":{"start":{"line":12,"column":3379},"end":{"line":12,"column":4499}},"60":{"start":{"line":12,"column":3411},"end":{"line":12,"column":3486}},"61":{"start":{"line":12,"column":3438},"end":{"line":12,"column":3486}},"62":{"start":{"line":12,"column":3487},"end":{"line":12,"column":3573}},"63":{"start":{"line":12,"column":3516},"end":{"line":12,"column":3550}},"64":{"start":{"line":12,"column":3540},"end":{"line":12,"column":3550}},"65":{"start":{"line":12,"column":3551},"end":{"line":12,"column":3571}},"66":{"start":{"line":12,"column":3574},"end":{"line":12,"column":4496}},"67":{"start":{"line":12,"column":3642},"end":{"line":12,"column":3658}},"68":{"start":{"line":12,"column":3660},"end":{"line":12,"column":3836}},"69":{"start":{"line":12,"column":3697},"end":{"line":12,"column":3735}},"70":{"start":{"line":12,"column":3737},"end":{"line":12,"column":3834}},"71":{"start":{"line":12,"column":3759},"end":{"line":12,"column":3809}},"72":{"start":{"line":12,"column":3800},"end":{"line":12,"column":3809}},"73":{"start":{"line":12,"column":3810},"end":{"line":12,"column":3832}},"74":{"start":{"line":12,"column":3837},"end":{"line":12,"column":4138}},"75":{"start":{"line":12,"column":3868},"end":{"line":12,"column":3911}},"76":{"start":{"line":12,"column":3916},"end":{"line":12,"column":4138}},"77":{"start":{"line":12,"column":3950},"end":{"line":12,"column":4021}},"78":{"start":{"line":12,"column":3982},"end":{"line":12,"column":4021}},"79":{"start":{"line":12,"column":4022},"end":{"line":12,"column":4061}},"80":{"start":{"line":12,"column":4069},"end":{"line":12,"column":4138}},"81":{"start":{"line":12,"column":4139},"end":{"line":12,"column":4159}},"82":{"start":{"line":12,"column":4173},"end":{"line":12,"column":4205}},"83":{"start":{"line":12,"column":4207},"end":{"line":12,"column":4392}},"84":{"start":{"line":12,"column":4239},"end":{"line":12,"column":4340}},"85":{"start":{"line":12,"column":4331},"end":{"line":12,"column":4340}},"86":{"start":{"line":12,"column":4341},"end":{"line":12,"column":4390}},"87":{"start":{"line":12,"column":4393},"end":{"line":12,"column":4494}},"88":{"start":{"line":12,"column":4569},"end":{"line":12,"column":4583}},"89":{"start":{"line":12,"column":4594},"end":{"line":12,"column":4623}},"90":{"start":{"line":12,"column":4625},"end":{"line":12,"column":5028}},"91":{"start":{"line":12,"column":4651},"end":{"line":12,"column":5028}},"92":{"start":{"line":12,"column":5042},"end":{"line":12,"column":5090}},"93":{"start":{"line":12,"column":5092},"end":{"line":12,"column":5222}},"94":{"start":{"line":12,"column":5121},"end":{"line":12,"column":5222}},"95":{"start":{"line":12,"column":5234},"end":{"line":12,"column":5244}},"96":{"start":{"line":12,"column":5246},"end":{"line":12,"column":5619}},"97":{"start":{"line":12,"column":5664},"end":{"line":12,"column":5683}},"98":{"start":{"line":12,"column":5685},"end":{"line":12,"column":5823}},"99":{"start":{"line":12,"column":5871},"end":{"line":12,"column":5893}},"100":{"start":{"line":12,"column":5895},"end":{"line":12,"column":5964}},"101":{"start":{"line":12,"column":5999},"end":{"line":12,"column":6095}},"102":{"start":{"line":12,"column":6126},"end":{"line":12,"column":6572}},"103":{"start":{"line":12,"column":6163},"end":{"line":12,"column":6187}},"104":{"start":{"line":12,"column":6189},"end":{"line":12,"column":6246}},"105":{"start":{"line":12,"column":6209},"end":{"line":12,"column":6246}},"106":{"start":{"line":12,"column":6247},"end":{"line":12,"column":6303}},"107":{"start":{"line":12,"column":6287},"end":{"line":12,"column":6303}},"108":{"start":{"line":12,"column":6304},"end":{"line":12,"column":6570}},"109":{"start":{"line":12,"column":6343},"end":{"line":12,"column":6345}},"110":{"start":{"line":12,"column":6354},"end":{"line":12,"column":6542}},"111":{"start":{"line":12,"column":6372},"end":{"line":12,"column":6487}},"112":{"start":{"line":12,"column":6403},"end":{"line":12,"column":6487}},"113":{"start":{"line":12,"column":6433},"end":{"line":12,"column":6487}},"114":{"start":{"line":12,"column":6488},"end":{"line":12,"column":6540}},"115":{"start":{"line":12,"column":6544},"end":{"line":12,"column":6568}},"116":{"start":{"line":12,"column":6573},"end":{"line":12,"column":6601}},"117":{"start":{"line":12,"column":6628},"end":{"line":12,"column":6666}},"118":{"start":{"line":12,"column":6669},"end":{"line":12,"column":12094}},"119":{"start":{"line":12,"column":7102},"end":{"line":12,"column":7151}},"120":{"start":{"line":12,"column":7153},"end":{"line":12,"column":7258}},"121":{"start":{"line":12,"column":7297},"end":{"line":12,"column":7538}},"122":{"start":{"line":12,"column":7575},"end":{"line":12,"column":7599}},"123":{"start":{"line":12,"column":7718},"end":{"line":12,"column":7730}},"124":{"start":{"line":12,"column":7852},"end":{"line":12,"column":7902}},"125":{"start":{"line":12,"column":7914},"end":{"line":12,"column":7987}},"126":{"start":{"line":12,"column":7989},"end":{"line":12,"column":8131}},"127":{"start":{"line":12,"column":8079},"end":{"line":12,"column":8127}},"128":{"start":{"line":12,"column":8247},"end":{"line":12,"column":8259}},"129":{"start":{"line":12,"column":8301},"end":{"line":12,"column":8329}},"130":{"start":{"line":12,"column":8379},"end":{"line":12,"column":8390}},"131":{"start":{"line":12,"column":8399},"end":{"line":12,"column":8401}},"132":{"start":{"line":12,"column":8403},"end":{"line":12,"column":8442}},"133":{"start":{"line":12,"column":8427},"end":{"line":12,"column":8442}},"134":{"start":{"line":12,"column":8443},"end":{"line":12,"column":8628}},"135":{"start":{"line":12,"column":8484},"end":{"line":12,"column":8596}},"136":{"start":{"line":12,"column":8517},"end":{"line":12,"column":8527}},"137":{"start":{"line":12,"column":8529},"end":{"line":12,"column":8594}},"138":{"start":{"line":12,"column":8548},"end":{"line":12,"column":8594}},"139":{"start":{"line":12,"column":8597},"end":{"line":12,"column":8625}},"140":{"start":{"line":12,"column":8740},"end":{"line":12,"column":9075}},"141":{"start":{"line":12,"column":8948},"end":{"line":12,"column":9075}},"142":{"start":{"line":12,"column":8971},"end":{"line":12,"column":9075}},"143":{"start":{"line":12,"column":9103},"end":{"line":12,"column":9118}},"144":{"start":{"line":12,"column":9136},"end":{"line":12,"column":9165}},"145":{"start":{"line":12,"column":9167},"end":{"line":12,"column":9221}},"146":{"start":{"line":12,"column":9200},"end":{"line":12,"column":9221}},"147":{"start":{"line":12,"column":9222},"end":{"line":12,"column":9239}},"148":{"start":{"line":12,"column":9302},"end":{"line":12,"column":9333}},"149":{"start":{"line":12,"column":9317},"end":{"line":12,"column":9333}},"150":{"start":{"line":12,"column":9348},"end":{"line":12,"column":9352}},"151":{"start":{"line":12,"column":9385},"end":{"line":12,"column":9530}},"152":{"start":{"line":12,"column":9533},"end":{"line":12,"column":10237}},"153":{"start":{"line":12,"column":9546},"end":{"line":12,"column":9572}},"154":{"start":{"line":12,"column":9601},"end":{"line":12,"column":9619}},"155":{"start":{"line":12,"column":9630},"end":{"line":12,"column":9646}},"156":{"start":{"line":12,"column":9648},"end":{"line":12,"column":9698}},"157":{"start":{"line":12,"column":9677},"end":{"line":12,"column":9698}},"158":{"start":{"line":12,"column":9699},"end":{"line":12,"column":10235}},"159":{"start":{"line":12,"column":9747},"end":{"line":12,"column":9777}},"160":{"start":{"line":12,"column":9792},"end":{"line":12,"column":9824}},"161":{"start":{"line":12,"column":9826},"end":{"line":12,"column":10233}},"162":{"start":{"line":12,"column":9856},"end":{"line":12,"column":9922}},"163":{"start":{"line":12,"column":9888},"end":{"line":12,"column":9922}},"164":{"start":{"line":12,"column":9923},"end":{"line":12,"column":9989}},"165":{"start":{"line":12,"column":9957},"end":{"line":12,"column":9989}},"166":{"start":{"line":12,"column":9997},"end":{"line":12,"column":10233}},"167":{"start":{"line":12,"column":10013},"end":{"line":12,"column":10079}},"168":{"start":{"line":12,"column":10045},"end":{"line":12,"column":10079}},"169":{"start":{"line":12,"column":10089},"end":{"line":12,"column":10164}},"170":{"start":{"line":12,"column":10106},"end":{"line":12,"column":10164}},"171":{"start":{"line":12,"column":10165},"end":{"line":12,"column":10231}},"172":{"start":{"line":12,"column":10199},"end":{"line":12,"column":10231}},"173":{"start":{"line":12,"column":10278},"end":{"line":12,"column":10503}},"174":{"start":{"line":12,"column":10291},"end":{"line":12,"column":10317}},"175":{"start":{"line":12,"column":10346},"end":{"line":12,"column":10364}},"176":{"start":{"line":12,"column":10366},"end":{"line":12,"column":10501}},"177":{"start":{"line":12,"column":10486},"end":{"line":12,"column":10491}},"178":{"start":{"line":12,"column":10493},"end":{"line":12,"column":10499}},"179":{"start":{"line":12,"column":10504},"end":{"line":12,"column":10651}},"180":{"start":{"line":12,"column":10665},"end":{"line":12,"column":10708}},"181":{"start":{"line":12,"column":10710},"end":{"line":12,"column":10872}},"182":{"start":{"line":12,"column":10924},"end":{"line":12,"column":10970}},"183":{"start":{"line":12,"column":10953},"end":{"line":12,"column":10970}},"184":{"start":{"line":12,"column":10971},"end":{"line":12,"column":11248}},"185":{"start":{"line":12,"column":11290},"end":{"line":12,"column":11512}},"186":{"start":{"line":12,"column":11303},"end":{"line":12,"column":11329}},"187":{"start":{"line":12,"column":11358},"end":{"line":12,"column":11376}},"188":{"start":{"line":12,"column":11378},"end":{"line":12,"column":11510}},"189":{"start":{"line":12,"column":11415},"end":{"line":12,"column":11510}},"190":{"start":{"line":12,"column":11551},"end":{"line":12,"column":11799}},"191":{"start":{"line":12,"column":11564},"end":{"line":12,"column":11590}},"192":{"start":{"line":12,"column":11619},"end":{"line":12,"column":11637}},"193":{"start":{"line":12,"column":11639},"end":{"line":12,"column":11797}},"194":{"start":{"line":12,"column":11683},"end":{"line":12,"column":11699}},"195":{"start":{"line":12,"column":11701},"end":{"line":12,"column":11780}},"196":{"start":{"line":12,"column":11745},"end":{"line":12,"column":11755}},"197":{"start":{"line":12,"column":11757},"end":{"line":12,"column":11778}},"198":{"start":{"line":12,"column":11781},"end":{"line":12,"column":11795}},"199":{"start":{"line":12,"column":11800},"end":{"line":12,"column":11841}},"200":{"start":{"line":12,"column":11916},"end":{"line":12,"column":12080}},"201":{"start":{"line":13,"column":77},"end":{"line":13,"column":175}},"202":{"start":{"line":13,"column":94},"end":{"line":13,"column":107}},"203":{"start":{"line":13,"column":121},"end":{"line":13,"column":131}},"204":{"start":{"line":13,"column":151},"end":{"line":13,"column":165}},"205":{"start":{"line":13,"column":166},"end":{"line":13,"column":173}},"206":{"start":{"line":13,"column":176},"end":{"line":13,"column":263}},"207":{"start":{"line":13,"column":193},"end":{"line":13,"column":208}},"208":{"start":{"line":13,"column":218},"end":{"line":13,"column":261}},"209":{"start":{"line":14,"column":33},"end":{"line":14,"column":387}},"210":{"start":{"line":14,"column":65},"end":{"line":14,"column":69}},"211":{"start":{"line":14,"column":78},"end":{"line":14,"column":87}},"212":{"start":{"line":14,"column":89},"end":{"line":14,"column":384}},"213":{"start":{"line":14,"column":147},"end":{"line":14,"column":167}},"214":{"start":{"line":14,"column":193},"end":{"line":14,"column":264}},"215":{"start":{"line":14,"column":290},"end":{"line":14,"column":360}},"216":{"start":{"line":14,"column":363},"end":{"line":14,"column":380}},"217":{"start":{"line":15,"column":50},"end":{"line":15,"column":151}},"218":{"start":{"line":15,"column":92},"end":{"line":15,"column":149}},"219":{"start":{"line":16,"column":44},"end":{"line":16,"column":331}},"220":{"start":{"line":16,"column":57},"end":{"line":16,"column":58}},"221":{"start":{"line":16,"column":102},"end":{"line":16,"column":110}},"222":{"start":{"line":16,"column":112},"end":{"line":16,"column":167}},"223":{"start":{"line":16,"column":168},"end":{"line":16,"column":199}},"224":{"start":{"line":16,"column":200},"end":{"line":16,"column":254}},"225":{"start":{"line":16,"column":227},"end":{"line":16,"column":254}},"226":{"start":{"line":16,"column":255},"end":{"line":16,"column":329}},"227":{"start":{"line":17,"column":62},"end":{"line":17,"column":131}},"228":{"start":{"line":17,"column":78},"end":{"line":17,"column":131}},"229":{"start":{"line":17,"column":132},"end":{"line":17,"column":193}},"230":{"start":{"line":17,"column":149},"end":{"line":17,"column":193}},"231":{"start":{"line":17,"column":194},"end":{"line":17,"column":263}},"232":{"start":{"line":17,"column":264},"end":{"line":17,"column":283}},"233":{"start":{"line":18,"column":41},"end":{"line":18,"column":68}},"234":{"start":{"line":18,"column":70},"end":{"line":18,"column":123}},"235":{"start":{"line":19,"column":37},"end":{"line":19,"column":101}},"236":{"start":{"line":19,"column":88},"end":{"line":19,"column":101}},"237":{"start":{"line":19,"column":113},"end":{"line":19,"column":138}},"238":{"start":{"line":19,"column":140},"end":{"line":19,"column":326}},"239":{"start":{"line":19,"column":176},"end":{"line":19,"column":211}},"240":{"start":{"line":19,"column":213},"end":{"line":19,"column":255}},"241":{"start":{"line":19,"column":244},"end":{"line":19,"column":255}},"242":{"start":{"line":19,"column":256},"end":{"line":19,"column":324}},"243":{"start":{"line":19,"column":327},"end":{"line":19,"column":379}},"244":{"start":{"line":20,"column":35},"end":{"line":127,"column":3}},"245":{"start":{"line":22,"column":4},"end":{"line":22,"column":43}},"246":{"start":{"line":24,"column":2},"end":{"line":125,"column":6}},"247":{"start":{"line":27,"column":26},"end":{"line":71,"column":9}},"248":{"start":{"line":29,"column":8},"end":{"line":70,"column":37}},"249":{"start":{"line":30,"column":10},"end":{"line":69,"column":11}},"250":{"start":{"line":30,"column":20},"end":{"line":69,"column":11}},"251":{"start":{"line":32,"column":14},"end":{"line":32,"column":32}},"252":{"start":{"line":33,"column":14},"end":{"line":33,"column":169}},"253":{"start":{"line":34,"column":14},"end":{"line":37,"column":15}},"254":{"start":{"line":35,"column":16},"end":{"line":35,"column":34}},"255":{"start":{"line":36,"column":16},"end":{"line":36,"column":22}},"256":{"start":{"line":38,"column":14},"end":{"line":40,"column":18}},"257":{"start":{"line":42,"column":14},"end":{"line":42,"column":32}},"258":{"start":{"line":43,"column":14},"end":{"line":43,"column":70}},"259":{"start":{"line":45,"column":14},"end":{"line":45,"column":45}},"260":{"start":{"line":46,"column":14},"end":{"line":50,"column":16}},"261":{"start":{"line":51,"column":14},"end":{"line":51,"column":33}},"262":{"start":{"line":52,"column":14},"end":{"line":52,"column":52}},"263":{"start":{"line":54,"column":14},"end":{"line":54,"column":35}},"264":{"start":{"line":55,"column":14},"end":{"line":58,"column":18}},"265":{"start":{"line":60,"column":14},"end":{"line":60,"column":33}},"266":{"start":{"line":61,"column":14},"end":{"line":61,"column":49}},"267":{"start":{"line":62,"column":14},"end":{"line":65,"column":18}},"268":{"start":{"line":68,"column":14},"end":{"line":68,"column":37}},"269":{"start":{"line":73,"column":8},"end":{"line":73,"column":52}},"270":{"start":{"line":75,"column":6},"end":{"line":75,"column":26}},"271":{"start":{"line":80,"column":19},"end":{"line":119,"column":9}},"272":{"start":{"line":82,"column":8},"end":{"line":118,"column":37}},"273":{"start":{"line":83,"column":10},"end":{"line":117,"column":11}},"274":{"start":{"line":83,"column":20},"end":{"line":117,"column":11}},"275":{"start":{"line":85,"column":14},"end":{"line":85,"column":33}},"276":{"start":{"line":86,"column":14},"end":{"line":86,"column":43}},"277":{"start":{"line":87,"column":14},"end":{"line":87,"column":30}},"278":{"start":{"line":88,"column":14},"end":{"line":91,"column":15}},"279":{"start":{"line":89,"column":16},"end":{"line":89,"column":35}},"280":{"start":{"line":90,"column":16},"end":{"line":90,"column":22}},"281":{"start":{"line":92,"column":14},"end":{"line":94,"column":18}},"282":{"start":{"line":96,"column":14},"end":{"line":98,"column":17}},"283":{"start":{"line":99,"column":14},"end":{"line":106,"column":18}},"284":{"start":{"line":108,"column":14},"end":{"line":108,"column":33}},"285":{"start":{"line":109,"column":14},"end":{"line":109,"column":51}},"286":{"start":{"line":110,"column":14},"end":{"line":113,"column":17}},"287":{"start":{"line":116,"column":14},"end":{"line":116,"column":38}},"288":{"start":{"line":121,"column":8},"end":{"line":121,"column":45}},"289":{"start":{"line":123,"column":6},"end":{"line":123,"column":19}},"290":{"start":{"line":126,"column":2},"end":{"line":126,"column":25}},"291":{"start":{"line":128,"column":0},"end":{"line":128,"column":42}},"292":{"start":{"line":129,"column":21},"end":{"line":129,"column":42}},"293":{"start":{"line":130,"column":15},"end":{"line":130,"column":29}},"294":{"start":{"line":131,"column":0},"end":{"line":131,"column":30}}},"fnMap":{"0":{"name":"_interopRequireDefault","decl":{"start":{"line":10,"column":9},"end":{"line":10,"column":31}},"loc":{"start":{"line":10,"column":37},"end":{"line":10,"column":97}},"line":10},"1":{"name":"_typeof","decl":{"start":{"line":11,"column":9},"end":{"line":11,"column":16}},"loc":{"start":{"line":11,"column":22},"end":{"line":11,"column":336}},"line":11},"2":{"name":"(anonymous_2)","decl":{"start":{"line":11,"column":136},"end":{"line":11,"column":137}},"loc":{"start":{"line":11,"column":151},"end":{"line":11,"column":173}},"line":11},"3":{"name":"(anonymous_3)","decl":{"start":{"line":11,"column":176},"end":{"line":11,"column":177}},"loc":{"start":{"line":11,"column":191},"end":{"line":11,"column":319}},"line":11},"4":{"name":"_regeneratorRuntime","decl":{"start":{"line":12,"column":9},"end":{"line":12,"column":28}},"loc":{"start":{"line":12,"column":31},"end":{"line":12,"column":12096}},"line":12},"5":{"name":"_regeneratorRuntime","decl":{"start":{"line":12,"column":227},"end":{"line":12,"column":246}},"loc":{"start":{"line":12,"column":249},"end":{"line":12,"column":268}},"line":12},"6":{"name":"(anonymous_6)","decl":{"start":{"line":12,"column":381},"end":{"line":12,"column":382}},"loc":{"start":{"line":12,"column":407},"end":{"line":12,"column":433}},"line":12},"7":{"name":"define","decl":{"start":{"line":12,"column":674},"end":{"line":12,"column":680}},"loc":{"start":{"line":12,"column":698},"end":{"line":12,"column":817}},"line":12},"8":{"name":"define","decl":{"start":{"line":12,"column":874},"end":{"line":12,"column":880}},"loc":{"start":{"line":12,"column":898},"end":{"line":12,"column":926}},"line":12},"9":{"name":"wrap","decl":{"start":{"line":12,"column":939},"end":{"line":12,"column":943}},"loc":{"start":{"line":12,"column":981},"end":{"line":12,"column":1282}},"line":12},"10":{"name":"tryCatch","decl":{"start":{"line":12,"column":1292},"end":{"line":12,"column":1300}},"loc":{"start":{"line":12,"column":1315},"end":{"line":12,"column":1429}},"line":12},"11":{"name":"Generator","decl":{"start":{"line":12,"column":1487},"end":{"line":12,"column":1496}},"loc":{"start":{"line":12,"column":1499},"end":{"line":12,"column":1501}},"line":12},"12":{"name":"GeneratorFunction","decl":{"start":{"line":12,"column":1511},"end":{"line":12,"column":1528}},"loc":{"start":{"line":12,"column":1531},"end":{"line":12,"column":1533}},"line":12},"13":{"name":"GeneratorFunctionPrototype","decl":{"start":{"line":12,"column":1543},"end":{"line":12,"column":1569}},"loc":{"start":{"line":12,"column":1572},"end":{"line":12,"column":1574}},"line":12},"14":{"name":"(anonymous_14)","decl":{"start":{"line":12,"column":1645},"end":{"line":12,"column":1646}},"loc":{"start":{"line":12,"column":1657},"end":{"line":12,"column":1673}},"line":12},"15":{"name":"defineIteratorMethods","decl":{"start":{"line":12,"column":2061},"end":{"line":12,"column":2082}},"loc":{"start":{"line":12,"column":2094},"end":{"line":12,"column":2238}},"line":12},"16":{"name":"(anonymous_16)","decl":{"start":{"line":12,"column":2132},"end":{"line":12,"column":2133}},"loc":{"start":{"line":12,"column":2150},"end":{"line":12,"column":2234}},"line":12},"17":{"name":"(anonymous_17)","decl":{"start":{"line":12,"column":2178},"end":{"line":12,"column":2179}},"loc":{"start":{"line":12,"column":2193},"end":{"line":12,"column":2230}},"line":12},"18":{"name":"AsyncIterator","decl":{"start":{"line":12,"column":2248},"end":{"line":12,"column":2261}},"loc":{"start":{"line":12,"column":2286},"end":{"line":12,"column":3296}},"line":12},"19":{"name":"invoke","decl":{"start":{"line":12,"column":2297},"end":{"line":12,"column":2303}},"loc":{"start":{"line":12,"column":2334},"end":{"line":12,"column":2908}},"line":12},"20":{"name":"(anonymous_20)","decl":{"start":{"line":12,"column":2590},"end":{"line":12,"column":2591}},"loc":{"start":{"line":12,"column":2607},"end":{"line":12,"column":2650}},"line":12},"21":{"name":"(anonymous_21)","decl":{"start":{"line":12,"column":2652},"end":{"line":12,"column":2653}},"loc":{"start":{"line":12,"column":2667},"end":{"line":12,"column":2709}},"line":12},"22":{"name":"(anonymous_22)","decl":{"start":{"line":12,"column":2745},"end":{"line":12,"column":2746}},"loc":{"start":{"line":12,"column":2766},"end":{"line":12,"column":2812}},"line":12},"23":{"name":"(anonymous_23)","decl":{"start":{"line":12,"column":2814},"end":{"line":12,"column":2815}},"loc":{"start":{"line":12,"column":2831},"end":{"line":12,"column":2882}},"line":12},"24":{"name":"value","decl":{"start":{"line":12,"column":2980},"end":{"line":12,"column":2985}},"loc":{"start":{"line":12,"column":2999},"end":{"line":12,"column":3290}},"line":12},"25":{"name":"callInvokeWithMethodAndArg","decl":{"start":{"line":12,"column":3010},"end":{"line":12,"column":3036}},"loc":{"start":{"line":12,"column":3039},"end":{"line":12,"column":3136}},"line":12},"26":{"name":"(anonymous_26)","decl":{"start":{"line":12,"column":3064},"end":{"line":12,"column":3065}},"loc":{"start":{"line":12,"column":3091},"end":{"line":12,"column":3132}},"line":12},"27":{"name":"makeInvokeMethod","decl":{"start":{"line":12,"column":3306},"end":{"line":12,"column":3322}},"loc":{"start":{"line":12,"column":3347},"end":{"line":12,"column":4501}},"line":12},"28":{"name":"(anonymous_28)","decl":{"start":{"line":12,"column":3386},"end":{"line":12,"column":3387}},"loc":{"start":{"line":12,"column":3409},"end":{"line":12,"column":4498}},"line":12},"29":{"name":"maybeInvokeDelegate","decl":{"start":{"line":12,"column":4511},"end":{"line":12,"column":4530}},"loc":{"start":{"line":12,"column":4550},"end":{"line":12,"column":5621}},"line":12},"30":{"name":"pushTryEntry","decl":{"start":{"line":12,"column":5631},"end":{"line":12,"column":5643}},"loc":{"start":{"line":12,"column":5650},"end":{"line":12,"column":5825}},"line":12},"31":{"name":"resetTryEntry","decl":{"start":{"line":12,"column":5835},"end":{"line":12,"column":5848}},"loc":{"start":{"line":12,"column":5856},"end":{"line":12,"column":5966}},"line":12},"32":{"name":"Context","decl":{"start":{"line":12,"column":5976},"end":{"line":12,"column":5983}},"loc":{"start":{"line":12,"column":5997},"end":{"line":12,"column":6097}},"line":12},"33":{"name":"values","decl":{"start":{"line":12,"column":6107},"end":{"line":12,"column":6113}},"loc":{"start":{"line":12,"column":6124},"end":{"line":12,"column":6603}},"line":12},"34":{"name":"next","decl":{"start":{"line":12,"column":6363},"end":{"line":12,"column":6367}},"loc":{"start":{"line":12,"column":6370},"end":{"line":12,"column":6542}},"line":12},"35":{"name":"doneResult","decl":{"start":{"line":12,"column":6613},"end":{"line":12,"column":6623}},"loc":{"start":{"line":12,"column":6626},"end":{"line":12,"column":6668}},"line":12},"36":{"name":"(anonymous_36)","decl":{"start":{"line":12,"column":7071},"end":{"line":12,"column":7072}},"loc":{"start":{"line":12,"column":7089},"end":{"line":12,"column":7260}},"line":12},"37":{"name":"(anonymous_37)","decl":{"start":{"line":12,"column":7277},"end":{"line":12,"column":7278}},"loc":{"start":{"line":12,"column":7295},"end":{"line":12,"column":7540}},"line":12},"38":{"name":"(anonymous_38)","decl":{"start":{"line":12,"column":7558},"end":{"line":12,"column":7559}},"loc":{"start":{"line":12,"column":7573},"end":{"line":12,"column":7601}},"line":12},"39":{"name":"(anonymous_39)","decl":{"start":{"line":12,"column":7704},"end":{"line":12,"column":7705}},"loc":{"start":{"line":12,"column":7716},"end":{"line":12,"column":7732}},"line":12},"40":{"name":"(anonymous_40)","decl":{"start":{"line":12,"column":7790},"end":{"line":12,"column":7791}},"loc":{"start":{"line":12,"column":7850},"end":{"line":12,"column":8133}},"line":12},"41":{"name":"(anonymous_41)","decl":{"start":{"line":12,"column":8059},"end":{"line":12,"column":8060}},"loc":{"start":{"line":12,"column":8077},"end":{"line":12,"column":8129}},"line":12},"42":{"name":"(anonymous_42)","decl":{"start":{"line":12,"column":8233},"end":{"line":12,"column":8234}},"loc":{"start":{"line":12,"column":8245},"end":{"line":12,"column":8261}},"line":12},"43":{"name":"(anonymous_43)","decl":{"start":{"line":12,"column":8287},"end":{"line":12,"column":8288}},"loc":{"start":{"line":12,"column":8299},"end":{"line":12,"column":8331}},"line":12},"44":{"name":"(anonymous_44)","decl":{"start":{"line":12,"column":8349},"end":{"line":12,"column":8350}},"loc":{"start":{"line":12,"column":8364},"end":{"line":12,"column":8630}},"line":12},"45":{"name":"next","decl":{"start":{"line":12,"column":8475},"end":{"line":12,"column":8479}},"loc":{"start":{"line":12,"column":8482},"end":{"line":12,"column":8627}},"line":12},"46":{"name":"reset","decl":{"start":{"line":12,"column":8717},"end":{"line":12,"column":8722}},"loc":{"start":{"line":12,"column":8738},"end":{"line":12,"column":9077}},"line":12},"47":{"name":"stop","decl":{"start":{"line":12,"column":9094},"end":{"line":12,"column":9098}},"loc":{"start":{"line":12,"column":9101},"end":{"line":12,"column":9241}},"line":12},"48":{"name":"dispatchException","decl":{"start":{"line":12,"column":9271},"end":{"line":12,"column":9288}},"loc":{"start":{"line":12,"column":9300},"end":{"line":12,"column":10239}},"line":12},"49":{"name":"handle","decl":{"start":{"line":12,"column":9363},"end":{"line":12,"column":9369}},"loc":{"start":{"line":12,"column":9383},"end":{"line":12,"column":9532}},"line":12},"50":{"name":"abrupt","decl":{"start":{"line":12,"column":10258},"end":{"line":12,"column":10264}},"loc":{"start":{"line":12,"column":10276},"end":{"line":12,"column":10874}},"line":12},"51":{"name":"complete","decl":{"start":{"line":12,"column":10895},"end":{"line":12,"column":10903}},"loc":{"start":{"line":12,"column":10922},"end":{"line":12,"column":11250}},"line":12},"52":{"name":"finish","decl":{"start":{"line":12,"column":11269},"end":{"line":12,"column":11275}},"loc":{"start":{"line":12,"column":11288},"end":{"line":12,"column":11514}},"line":12},"53":{"name":"_catch","decl":{"start":{"line":12,"column":11534},"end":{"line":12,"column":11540}},"loc":{"start":{"line":12,"column":11549},"end":{"line":12,"column":11843}},"line":12},"54":{"name":"delegateYield","decl":{"start":{"line":12,"column":11869},"end":{"line":12,"column":11882}},"loc":{"start":{"line":12,"column":11914},"end":{"line":12,"column":12082}},"line":12},"55":{"name":"asyncGeneratorStep","decl":{"start":{"line":13,"column":9},"end":{"line":13,"column":27}},"loc":{"start":{"line":13,"column":75},"end":{"line":13,"column":265}},"line":13},"56":{"name":"_asyncToGenerator","decl":{"start":{"line":14,"column":9},"end":{"line":14,"column":26}},"loc":{"start":{"line":14,"column":31},"end":{"line":14,"column":389}},"line":14},"57":{"name":"(anonymous_57)","decl":{"start":{"line":14,"column":40},"end":{"line":14,"column":41}},"loc":{"start":{"line":14,"column":52},"end":{"line":14,"column":386}},"line":14},"58":{"name":"(anonymous_58)","decl":{"start":{"line":14,"column":108},"end":{"line":14,"column":109}},"loc":{"start":{"line":14,"column":135},"end":{"line":14,"column":382}},"line":14},"59":{"name":"_next","decl":{"start":{"line":14,"column":178},"end":{"line":14,"column":183}},"loc":{"start":{"line":14,"column":191},"end":{"line":14,"column":266}},"line":14},"60":{"name":"_throw","decl":{"start":{"line":14,"column":276},"end":{"line":14,"column":282}},"loc":{"start":{"line":14,"column":288},"end":{"line":14,"column":362}},"line":14},"61":{"name":"_classCallCheck","decl":{"start":{"line":15,"column":9},"end":{"line":15,"column":24}},"loc":{"start":{"line":15,"column":48},"end":{"line":15,"column":153}},"line":15},"62":{"name":"_defineProperties","decl":{"start":{"line":16,"column":9},"end":{"line":16,"column":26}},"loc":{"start":{"line":16,"column":42},"end":{"line":16,"column":333}},"line":16},"63":{"name":"_createClass","decl":{"start":{"line":17,"column":9},"end":{"line":17,"column":21}},"loc":{"start":{"line":17,"column":60},"end":{"line":17,"column":285}},"line":17},"64":{"name":"_toPropertyKey","decl":{"start":{"line":18,"column":9},"end":{"line":18,"column":23}},"loc":{"start":{"line":18,"column":29},"end":{"line":18,"column":125}},"line":18},"65":{"name":"_toPrimitive","decl":{"start":{"line":19,"column":9},"end":{"line":19,"column":21}},"loc":{"start":{"line":19,"column":35},"end":{"line":19,"column":381}},"line":19},"66":{"name":"(anonymous_66)","decl":{"start":{"line":20,"column":35},"end":{"line":20,"column":36}},"loc":{"start":{"line":20,"column":47},"end":{"line":127,"column":1}},"line":20},"67":{"name":"UserControllers","decl":{"start":{"line":21,"column":11},"end":{"line":21,"column":26}},"loc":{"start":{"line":21,"column":29},"end":{"line":23,"column":3}},"line":21},"68":{"name":"(anonymous_68)","decl":{"start":{"line":26,"column":11},"end":{"line":26,"column":12}},"loc":{"start":{"line":26,"column":23},"end":{"line":76,"column":5}},"line":26},"69":{"name":"_callee","decl":{"start":{"line":27,"column":94},"end":{"line":27,"column":101}},"loc":{"start":{"line":27,"column":112},"end":{"line":71,"column":7}},"line":27},"70":{"name":"_callee$","decl":{"start":{"line":29,"column":51},"end":{"line":29,"column":59}},"loc":{"start":{"line":29,"column":70},"end":{"line":70,"column":9}},"line":29},"71":{"name":"registerUser","decl":{"start":{"line":72,"column":15},"end":{"line":72,"column":27}},"loc":{"start":{"line":72,"column":37},"end":{"line":74,"column":7}},"line":72},"72":{"name":"(anonymous_72)","decl":{"start":{"line":79,"column":11},"end":{"line":79,"column":12}},"loc":{"start":{"line":79,"column":23},"end":{"line":124,"column":5}},"line":79},"73":{"name":"_callee2","decl":{"start":{"line":80,"column":87},"end":{"line":80,"column":95}},"loc":{"start":{"line":80,"column":106},"end":{"line":119,"column":7}},"line":80},"74":{"name":"_callee2$","decl":{"start":{"line":82,"column":51},"end":{"line":82,"column":60}},"loc":{"start":{"line":82,"column":72},"end":{"line":118,"column":9}},"line":82},"75":{"name":"login","decl":{"start":{"line":120,"column":15},"end":{"line":120,"column":20}},"loc":{"start":{"line":120,"column":31},"end":{"line":122,"column":7}},"line":120}},"branchMap":{"0":{"loc":{"start":{"line":10,"column":46},"end":{"line":10,"column":94}},"type":"cond-expr","locations":[{"start":{"line":10,"column":70},"end":{"line":10,"column":73}},{"start":{"line":10,"column":76},"end":{"line":10,"column":94}}],"line":10},"1":{"loc":{"start":{"line":10,"column":46},"end":{"line":10,"column":67}},"type":"binary-expr","locations":[{"start":{"line":10,"column":46},"end":{"line":10,"column":49}},{"start":{"line":10,"column":53},"end":{"line":10,"column":67}}],"line":10},"2":{"loc":{"start":{"line":11,"column":68},"end":{"line":11,"column":319}},"type":"cond-expr","locations":[{"start":{"line":11,"column":136},"end":{"line":11,"column":173}},{"start":{"line":11,"column":176},"end":{"line":11,"column":319}}],"line":11},"3":{"loc":{"start":{"line":11,"column":68},"end":{"line":11,"column":133}},"type":"binary-expr","locations":[{"start":{"line":11,"column":68},"end":{"line":11,"column":95}},{"start":{"line":11,"column":99},"end":{"line":11,"column":133}}],"line":11},"4":{"loc":{"start":{"line":11,"column":200},"end":{"line":11,"column":316}},"type":"cond-expr","locations":[{"start":{"line":11,"column":295},"end":{"line":11,"column":303}},{"start":{"line":11,"column":306},"end":{"line":11,"column":316}}],"line":11},"5":{"loc":{"start":{"line":11,"column":200},"end":{"line":11,"column":292}},"type":"binary-expr","locations":[{"start":{"line":11,"column":200},"end":{"line":11,"column":203}},{"start":{"line":11,"column":207},"end":{"line":11,"column":234}},{"start":{"line":11,"column":238},"end":{"line":11,"column":264}},{"start":{"line":11,"column":268},"end":{"line":11,"column":292}}],"line":11},"6":{"loc":{"start":{"line":12,"column":356},"end":{"line":12,"column":433}},"type":"binary-expr","locations":[{"start":{"line":12,"column":356},"end":{"line":12,"column":377}},{"start":{"line":12,"column":381},"end":{"line":12,"column":433}}],"line":12},"7":{"loc":{"start":{"line":12,"column":445},"end":{"line":12,"column":486}},"type":"cond-expr","locations":[{"start":{"line":12,"column":475},"end":{"line":12,"column":481}},{"start":{"line":12,"column":484},"end":{"line":12,"column":486}}],"line":12},"8":{"loc":{"start":{"line":12,"column":505},"end":{"line":12,"column":537}},"type":"binary-expr","locations":[{"start":{"line":12,"column":505},"end":{"line":12,"column":521}},{"start":{"line":12,"column":525},"end":{"line":12,"column":537}}],"line":12},"9":{"loc":{"start":{"line":12,"column":561},"end":{"line":12,"column":603}},"type":"binary-expr","locations":[{"start":{"line":12,"column":561},"end":{"line":12,"column":582}},{"start":{"line":12,"column":586},"end":{"line":12,"column":603}}],"line":12},"10":{"loc":{"start":{"line":12,"column":625},"end":{"line":12,"column":663}},"type":"binary-expr","locations":[{"start":{"line":12,"column":625},"end":{"line":12,"column":644}},{"start":{"line":12,"column":648},"end":{"line":12,"column":663}}],"line":12},"11":{"loc":{"start":{"line":12,"column":1004},"end":{"line":12,"column":1075}},"type":"cond-expr","locations":[{"start":{"line":12,"column":1056},"end":{"line":12,"column":1063}},{"start":{"line":12,"column":1066},"end":{"line":12,"column":1075}}],"line":12},"12":{"loc":{"start":{"line":12,"column":1004},"end":{"line":12,"column":1053}},"type":"binary-expr","locations":[{"start":{"line":12,"column":1004},"end":{"line":12,"column":1011}},{"start":{"line":12,"column":1015},"end":{"line":12,"column":1053}}],"line":12},"13":{"loc":{"start":{"line":12,"column":1152},"end":{"line":12,"column":1169}},"type":"binary-expr","locations":[{"start":{"line":12,"column":1152},"end":{"line":12,"column":1163}},{"start":{"line":12,"column":1167},"end":{"line":12,"column":1169}}],"line":12},"14":{"loc":{"start":{"line":12,"column":1740},"end":{"line":12,"column":1782}},"type":"binary-expr","locations":[{"start":{"line":12,"column":1740},"end":{"line":12,"column":1748}},{"start":{"line":12,"column":1752},"end":{"line":12,"column":1782}}],"line":12},"15":{"loc":{"start":{"line":12,"column":1784},"end":{"line":12,"column":1946}},"type":"binary-expr","locations":[{"start":{"line":12,"column":1784},"end":{"line":12,"column":1807}},{"start":{"line":12,"column":1811},"end":{"line":12,"column":1841}},{"start":{"line":12,"column":1845},"end":{"line":12,"column":1897}},{"start":{"line":12,"column":1902},"end":{"line":12,"column":1945}}],"line":12},"16":{"loc":{"start":{"line":12,"column":2394},"end":{"line":12,"column":2886}},"type":"if","locations":[{"start":{"line":12,"column":2394},"end":{"line":12,"column":2886}},{"start":{"line":12,"column":2394},"end":{"line":12,"column":2886}}],"line":12},"17":{"loc":{"start":{"line":12,"column":2479},"end":{"line":12,"column":2883}},"type":"cond-expr","locations":[{"start":{"line":12,"column":2550},"end":{"line":12,"column":2710}},{"start":{"line":12,"column":2713},"end":{"line":12,"column":2883}}],"line":12},"18":{"loc":{"start":{"line":12,"column":2479},"end":{"line":12,"column":2547}},"type":"binary-expr","locations":[{"start":{"line":12,"column":2479},"end":{"line":12,"column":2484}},{"start":{"line":12,"column":2488},"end":{"line":12,"column":2514}},{"start":{"line":12,"column":2518},"end":{"line":12,"column":2547}}],"line":12},"19":{"loc":{"start":{"line":12,"column":3162},"end":{"line":12,"column":3287}},"type":"cond-expr","locations":[{"start":{"line":12,"column":3180},"end":{"line":12,"column":3256}},{"start":{"line":12,"column":3259},"end":{"line":12,"column":3287}}],"line":12},"20":{"loc":{"start":{"line":12,"column":3411},"end":{"line":12,"column":3486}},"type":"if","locations":[{"start":{"line":12,"column":3411},"end":{"line":12,"column":3486}},{"start":{"line":12,"column":3411},"end":{"line":12,"column":3486}}],"line":12},"21":{"loc":{"start":{"line":12,"column":3487},"end":{"line":12,"column":3573}},"type":"if","locations":[{"start":{"line":12,"column":3487},"end":{"line":12,"column":3573}},{"start":{"line":12,"column":3487},"end":{"line":12,"column":3573}}],"line":12},"22":{"loc":{"start":{"line":12,"column":3516},"end":{"line":12,"column":3550}},"type":"if","locations":[{"start":{"line":12,"column":3516},"end":{"line":12,"column":3550}},{"start":{"line":12,"column":3516},"end":{"line":12,"column":3550}}],"line":12},"23":{"loc":{"start":{"line":12,"column":3660},"end":{"line":12,"column":3836}},"type":"if","locations":[{"start":{"line":12,"column":3660},"end":{"line":12,"column":3836}},{"start":{"line":12,"column":3660},"end":{"line":12,"column":3836}}],"line":12},"24":{"loc":{"start":{"line":12,"column":3737},"end":{"line":12,"column":3834}},"type":"if","locations":[{"start":{"line":12,"column":3737},"end":{"line":12,"column":3834}},{"start":{"line":12,"column":3737},"end":{"line":12,"column":3834}}],"line":12},"25":{"loc":{"start":{"line":12,"column":3759},"end":{"line":12,"column":3809}},"type":"if","locations":[{"start":{"line":12,"column":3759},"end":{"line":12,"column":3809}},{"start":{"line":12,"column":3759},"end":{"line":12,"column":3809}}],"line":12},"26":{"loc":{"start":{"line":12,"column":3837},"end":{"line":12,"column":4138}},"type":"if","locations":[{"start":{"line":12,"column":3837},"end":{"line":12,"column":4138}},{"start":{"line":12,"column":3837},"end":{"line":12,"column":4138}}],"line":12},"27":{"loc":{"start":{"line":12,"column":3916},"end":{"line":12,"column":4138}},"type":"if","locations":[{"start":{"line":12,"column":3916},"end":{"line":12,"column":4138}},{"start":{"line":12,"column":3916},"end":{"line":12,"column":4138}}],"line":12},"28":{"loc":{"start":{"line":12,"column":3950},"end":{"line":12,"column":4021}},"type":"if","locations":[{"start":{"line":12,"column":3950},"end":{"line":12,"column":4021}},{"start":{"line":12,"column":3950},"end":{"line":12,"column":4021}}],"line":12},"29":{"loc":{"start":{"line":12,"column":4069},"end":{"line":12,"column":4137}},"type":"binary-expr","locations":[{"start":{"line":12,"column":4069},"end":{"line":12,"column":4096}},{"start":{"line":12,"column":4100},"end":{"line":12,"column":4137}}],"line":12},"30":{"loc":{"start":{"line":12,"column":4207},"end":{"line":12,"column":4392}},"type":"if","locations":[{"start":{"line":12,"column":4207},"end":{"line":12,"column":4392}},{"start":{"line":12,"column":4207},"end":{"line":12,"column":4392}}],"line":12},"31":{"loc":{"start":{"line":12,"column":4239},"end":{"line":12,"column":4340}},"type":"if","locations":[{"start":{"line":12,"column":4239},"end":{"line":12,"column":4340}},{"start":{"line":12,"column":4239},"end":{"line":12,"column":4340}}],"line":12},"32":{"loc":{"start":{"line":12,"column":4251},"end":{"line":12,"column":4296}},"type":"cond-expr","locations":[{"start":{"line":12,"column":4266},"end":{"line":12,"column":4277}},{"start":{"line":12,"column":4280},"end":{"line":12,"column":4296}}],"line":12},"33":{"loc":{"start":{"line":12,"column":4393},"end":{"line":12,"column":4493}},"type":"binary-expr","locations":[{"start":{"line":12,"column":4393},"end":{"line":12,"column":4416}},{"start":{"line":12,"column":4421},"end":{"line":12,"column":4492}}],"line":12},"34":{"loc":{"start":{"line":12,"column":4625},"end":{"line":12,"column":5028}},"type":"if","locations":[{"start":{"line":12,"column":4625},"end":{"line":12,"column":5028}},{"start":{"line":12,"column":4625},"end":{"line":12,"column":5028}}],"line":12},"35":{"loc":{"start":{"line":12,"column":4683},"end":{"line":12,"column":5009}},"type":"binary-expr","locations":[{"start":{"line":12,"column":4683},"end":{"line":12,"column":4705}},{"start":{"line":12,"column":4709},"end":{"line":12,"column":4736}},{"start":{"line":12,"column":4741},"end":{"line":12,"column":4859}},{"start":{"line":12,"column":4864},"end":{"line":12,"column":4887}},{"start":{"line":12,"column":4892},"end":{"line":12,"column":5008}}],"line":12},"36":{"loc":{"start":{"line":12,"column":5092},"end":{"line":12,"column":5222}},"type":"if","locations":[{"start":{"line":12,"column":5092},"end":{"line":12,"column":5222}},{"start":{"line":12,"column":5092},"end":{"line":12,"column":5222}}],"line":12},"37":{"loc":{"start":{"line":12,"column":5253},"end":{"line":12,"column":5618}},"type":"cond-expr","locations":[{"start":{"line":12,"column":5260},"end":{"line":12,"column":5481}},{"start":{"line":12,"column":5485},"end":{"line":12,"column":5617}}],"line":12},"38":{"loc":{"start":{"line":12,"column":5260},"end":{"line":12,"column":5481}},"type":"cond-expr","locations":[{"start":{"line":12,"column":5273},"end":{"line":12,"column":5473}},{"start":{"line":12,"column":5477},"end":{"line":12,"column":5481}}],"line":12},"39":{"loc":{"start":{"line":12,"column":5349},"end":{"line":12,"column":5430}},"type":"binary-expr","locations":[{"start":{"line":12,"column":5349},"end":{"line":12,"column":5376}},{"start":{"line":12,"column":5381},"end":{"line":12,"column":5429}}],"line":12},"40":{"loc":{"start":{"line":12,"column":5685},"end":{"line":12,"column":5724}},"type":"binary-expr","locations":[{"start":{"line":12,"column":5685},"end":{"line":12,"column":5694}},{"start":{"line":12,"column":5699},"end":{"line":12,"column":5723}}],"line":12},"41":{"loc":{"start":{"line":12,"column":5726},"end":{"line":12,"column":5793}},"type":"binary-expr","locations":[{"start":{"line":12,"column":5726},"end":{"line":12,"column":5735}},{"start":{"line":12,"column":5740},"end":{"line":12,"column":5792}}],"line":12},"42":{"loc":{"start":{"line":12,"column":5871},"end":{"line":12,"column":5893}},"type":"binary-expr","locations":[{"start":{"line":12,"column":5871},"end":{"line":12,"column":5887}},{"start":{"line":12,"column":5891},"end":{"line":12,"column":5893}}],"line":12},"43":{"loc":{"start":{"line":12,"column":6126},"end":{"line":12,"column":6572}},"type":"if","locations":[{"start":{"line":12,"column":6126},"end":{"line":12,"column":6572}},{"start":{"line":12,"column":6126},"end":{"line":12,"column":6572}}],"line":12},"44":{"loc":{"start":{"line":12,"column":6189},"end":{"line":12,"column":6246}},"type":"if","locations":[{"start":{"line":12,"column":6189},"end":{"line":12,"column":6246}},{"start":{"line":12,"column":6189},"end":{"line":12,"column":6246}}],"line":12},"45":{"loc":{"start":{"line":12,"column":6247},"end":{"line":12,"column":6303}},"type":"if","locations":[{"start":{"line":12,"column":6247},"end":{"line":12,"column":6303}},{"start":{"line":12,"column":6247},"end":{"line":12,"column":6303}}],"line":12},"46":{"loc":{"start":{"line":12,"column":6304},"end":{"line":12,"column":6570}},"type":"if","locations":[{"start":{"line":12,"column":6304},"end":{"line":12,"column":6570}},{"start":{"line":12,"column":6304},"end":{"line":12,"column":6570}}],"line":12},"47":{"loc":{"start":{"line":12,"column":6403},"end":{"line":12,"column":6487}},"type":"if","locations":[{"start":{"line":12,"column":6403},"end":{"line":12,"column":6487}},{"start":{"line":12,"column":6403},"end":{"line":12,"column":6487}}],"line":12},"48":{"loc":{"start":{"line":12,"column":7102},"end":{"line":12,"column":7151}},"type":"binary-expr","locations":[{"start":{"line":12,"column":7102},"end":{"line":12,"column":7129}},{"start":{"line":12,"column":7133},"end":{"line":12,"column":7151}}],"line":12},"49":{"loc":{"start":{"line":12,"column":7160},"end":{"line":12,"column":7257}},"type":"binary-expr","locations":[{"start":{"line":12,"column":7160},"end":{"line":12,"column":7166}},{"start":{"line":12,"column":7171},"end":{"line":12,"column":7197}},{"start":{"line":12,"column":7201},"end":{"line":12,"column":7256}}],"line":12},"50":{"loc":{"start":{"line":12,"column":7226},"end":{"line":12,"column":7255}},"type":"binary-expr","locations":[{"start":{"line":12,"column":7226},"end":{"line":12,"column":7242}},{"start":{"line":12,"column":7246},"end":{"line":12,"column":7255}}],"line":12},"51":{"loc":{"start":{"line":12,"column":7304},"end":{"line":12,"column":7491}},"type":"cond-expr","locations":[{"start":{"line":12,"column":7328},"end":{"line":12,"column":7385}},{"start":{"line":12,"column":7389},"end":{"line":12,"column":7490}}],"line":12},"52":{"loc":{"start":{"line":12,"column":7852},"end":{"line":12,"column":7901}},"type":"binary-expr","locations":[{"start":{"line":12,"column":7852},"end":{"line":12,"column":7874}},{"start":{"line":12,"column":7879},"end":{"line":12,"column":7900}}],"line":12},"53":{"loc":{"start":{"line":12,"column":7996},"end":{"line":12,"column":8130}},"type":"cond-expr","locations":[{"start":{"line":12,"column":8035},"end":{"line":12,"column":8039}},{"start":{"line":12,"column":8042},"end":{"line":12,"column":8130}}],"line":12},"54":{"loc":{"start":{"line":12,"column":8086},"end":{"line":12,"column":8126}},"type":"cond-expr","locations":[{"start":{"line":12,"column":8100},"end":{"line":12,"column":8112}},{"start":{"line":12,"column":8115},"end":{"line":12,"column":8126}}],"line":12},"55":{"loc":{"start":{"line":12,"column":8529},"end":{"line":12,"column":8594}},"type":"if","locations":[{"start":{"line":12,"column":8529},"end":{"line":12,"column":8594}},{"start":{"line":12,"column":8529},"end":{"line":12,"column":8594}}],"line":12},"56":{"loc":{"start":{"line":12,"column":8740},"end":{"line":12,"column":9075}},"type":"if","locations":[{"start":{"line":12,"column":8740},"end":{"line":12,"column":9075}},{"start":{"line":12,"column":8740},"end":{"line":12,"column":9075}}],"line":12},"57":{"loc":{"start":{"line":12,"column":8971},"end":{"line":12,"column":9074}},"type":"binary-expr","locations":[{"start":{"line":12,"column":8971},"end":{"line":12,"column":8993}},{"start":{"line":12,"column":8997},"end":{"line":12,"column":9020}},{"start":{"line":12,"column":9024},"end":{"line":12,"column":9046}},{"start":{"line":12,"column":9051},"end":{"line":12,"column":9073}}],"line":12},"58":{"loc":{"start":{"line":12,"column":9167},"end":{"line":12,"column":9221}},"type":"if","locations":[{"start":{"line":12,"column":9167},"end":{"line":12,"column":9221}},{"start":{"line":12,"column":9167},"end":{"line":12,"column":9221}}],"line":12},"59":{"loc":{"start":{"line":12,"column":9302},"end":{"line":12,"column":9333}},"type":"if","locations":[{"start":{"line":12,"column":9302},"end":{"line":12,"column":9333}},{"start":{"line":12,"column":9302},"end":{"line":12,"column":9333}}],"line":12},"60":{"loc":{"start":{"line":12,"column":9459},"end":{"line":12,"column":9519}},"type":"binary-expr","locations":[{"start":{"line":12,"column":9459},"end":{"line":12,"column":9465}},{"start":{"line":12,"column":9470},"end":{"line":12,"column":9518}}],"line":12},"61":{"loc":{"start":{"line":12,"column":9648},"end":{"line":12,"column":9698}},"type":"if","locations":[{"start":{"line":12,"column":9648},"end":{"line":12,"column":9698}},{"start":{"line":12,"column":9648},"end":{"line":12,"column":9698}}],"line":12},"62":{"loc":{"start":{"line":12,"column":9699},"end":{"line":12,"column":10235}},"type":"if","locations":[{"start":{"line":12,"column":9699},"end":{"line":12,"column":10235}},{"start":{"line":12,"column":9699},"end":{"line":12,"column":10235}}],"line":12},"63":{"loc":{"start":{"line":12,"column":9826},"end":{"line":12,"column":10233}},"type":"if","locations":[{"start":{"line":12,"column":9826},"end":{"line":12,"column":10233}},{"start":{"line":12,"column":9826},"end":{"line":12,"column":10233}}],"line":12},"64":{"loc":{"start":{"line":12,"column":9830},"end":{"line":12,"column":9852}},"type":"binary-expr","locations":[{"start":{"line":12,"column":9830},"end":{"line":12,"column":9838}},{"start":{"line":12,"column":9842},"end":{"line":12,"column":9852}}],"line":12},"65":{"loc":{"start":{"line":12,"column":9856},"end":{"line":12,"column":9922}},"type":"if","locations":[{"start":{"line":12,"column":9856},"end":{"line":12,"column":9922}},{"start":{"line":12,"column":9856},"end":{"line":12,"column":9922}}],"line":12},"66":{"loc":{"start":{"line":12,"column":9923},"end":{"line":12,"column":9989}},"type":"if","locations":[{"start":{"line":12,"column":9923},"end":{"line":12,"column":9989}},{"start":{"line":12,"column":9923},"end":{"line":12,"column":9989}}],"line":12},"67":{"loc":{"start":{"line":12,"column":9997},"end":{"line":12,"column":10233}},"type":"if","locations":[{"start":{"line":12,"column":9997},"end":{"line":12,"column":10233}},{"start":{"line":12,"column":9997},"end":{"line":12,"column":10233}}],"line":12},"68":{"loc":{"start":{"line":12,"column":10013},"end":{"line":12,"column":10079}},"type":"if","locations":[{"start":{"line":12,"column":10013},"end":{"line":12,"column":10079}},{"start":{"line":12,"column":10013},"end":{"line":12,"column":10079}}],"line":12},"69":{"loc":{"start":{"line":12,"column":10089},"end":{"line":12,"column":10164}},"type":"if","locations":[{"start":{"line":12,"column":10089},"end":{"line":12,"column":10164}},{"start":{"line":12,"column":10089},"end":{"line":12,"column":10164}}],"line":12},"70":{"loc":{"start":{"line":12,"column":10165},"end":{"line":12,"column":10231}},"type":"if","locations":[{"start":{"line":12,"column":10165},"end":{"line":12,"column":10231}},{"start":{"line":12,"column":10165},"end":{"line":12,"column":10231}}],"line":12},"71":{"loc":{"start":{"line":12,"column":10366},"end":{"line":12,"column":10501}},"type":"if","locations":[{"start":{"line":12,"column":10366},"end":{"line":12,"column":10501}},{"start":{"line":12,"column":10366},"end":{"line":12,"column":10501}}],"line":12},"72":{"loc":{"start":{"line":12,"column":10370},"end":{"line":12,"column":10463}},"type":"binary-expr","locations":[{"start":{"line":12,"column":10370},"end":{"line":12,"column":10395}},{"start":{"line":12,"column":10399},"end":{"line":12,"column":10431}},{"start":{"line":12,"column":10435},"end":{"line":12,"column":10463}}],"line":12},"73":{"loc":{"start":{"line":12,"column":10504},"end":{"line":12,"column":10650}},"type":"binary-expr","locations":[{"start":{"line":12,"column":10504},"end":{"line":12,"column":10516}},{"start":{"line":12,"column":10521},"end":{"line":12,"column":10537}},{"start":{"line":12,"column":10541},"end":{"line":12,"column":10560}},{"start":{"line":12,"column":10565},"end":{"line":12,"column":10591}},{"start":{"line":12,"column":10595},"end":{"line":12,"column":10625}},{"start":{"line":12,"column":10630},"end":{"line":12,"column":10649}}],"line":12},"74":{"loc":{"start":{"line":12,"column":10665},"end":{"line":12,"column":10708}},"type":"cond-expr","locations":[{"start":{"line":12,"column":10680},"end":{"line":12,"column":10703}},{"start":{"line":12,"column":10706},"end":{"line":12,"column":10708}}],"line":12},"75":{"loc":{"start":{"line":12,"column":10755},"end":{"line":12,"column":10871}},"type":"cond-expr","locations":[{"start":{"line":12,"column":10771},"end":{"line":12,"column":10846}},{"start":{"line":12,"column":10850},"end":{"line":12,"column":10871}}],"line":12},"76":{"loc":{"start":{"line":12,"column":10924},"end":{"line":12,"column":10970}},"type":"if","locations":[{"start":{"line":12,"column":10924},"end":{"line":12,"column":10970}},{"start":{"line":12,"column":10924},"end":{"line":12,"column":10970}}],"line":12},"77":{"loc":{"start":{"line":12,"column":10978},"end":{"line":12,"column":11229}},"type":"cond-expr","locations":[{"start":{"line":12,"column":11034},"end":{"line":12,"column":11056}},{"start":{"line":12,"column":11059},"end":{"line":12,"column":11229}}],"line":12},"78":{"loc":{"start":{"line":12,"column":10978},"end":{"line":12,"column":11031}},"type":"binary-expr","locations":[{"start":{"line":12,"column":10978},"end":{"line":12,"column":11001}},{"start":{"line":12,"column":11005},"end":{"line":12,"column":11031}}],"line":12},"79":{"loc":{"start":{"line":12,"column":11059},"end":{"line":12,"column":11229}},"type":"cond-expr","locations":[{"start":{"line":12,"column":11087},"end":{"line":12,"column":11163}},{"start":{"line":12,"column":11167},"end":{"line":12,"column":11229}}],"line":12},"80":{"loc":{"start":{"line":12,"column":11167},"end":{"line":12,"column":11229}},"type":"binary-expr","locations":[{"start":{"line":12,"column":11167},"end":{"line":12,"column":11191}},{"start":{"line":12,"column":11195},"end":{"line":12,"column":11203}},{"start":{"line":12,"column":11208},"end":{"line":12,"column":11228}}],"line":12},"81":{"loc":{"start":{"line":12,"column":11378},"end":{"line":12,"column":11510}},"type":"if","locations":[{"start":{"line":12,"column":11378},"end":{"line":12,"column":11510}},{"start":{"line":12,"column":11378},"end":{"line":12,"column":11510}}],"line":12},"82":{"loc":{"start":{"line":12,"column":11639},"end":{"line":12,"column":11797}},"type":"if","locations":[{"start":{"line":12,"column":11639},"end":{"line":12,"column":11797}},{"start":{"line":12,"column":11639},"end":{"line":12,"column":11797}}],"line":12},"83":{"loc":{"start":{"line":12,"column":11701},"end":{"line":12,"column":11780}},"type":"if","locations":[{"start":{"line":12,"column":11701},"end":{"line":12,"column":11780}},{"start":{"line":12,"column":11701},"end":{"line":12,"column":11780}}],"line":12},"84":{"loc":{"start":{"line":12,"column":12013},"end":{"line":12,"column":12061}},"type":"binary-expr","locations":[{"start":{"line":12,"column":12013},"end":{"line":12,"column":12035}},{"start":{"line":12,"column":12040},"end":{"line":12,"column":12060}}],"line":12},"85":{"loc":{"start":{"line":13,"column":176},"end":{"line":13,"column":263}},"type":"if","locations":[{"start":{"line":13,"column":176},"end":{"line":13,"column":263}},{"start":{"line":13,"column":176},"end":{"line":13,"column":263}}],"line":13},"86":{"loc":{"start":{"line":15,"column":50},"end":{"line":15,"column":151}},"type":"if","locations":[{"start":{"line":15,"column":50},"end":{"line":15,"column":151}},{"start":{"line":15,"column":50},"end":{"line":15,"column":151}}],"line":15},"87":{"loc":{"start":{"line":16,"column":136},"end":{"line":16,"column":166}},"type":"binary-expr","locations":[{"start":{"line":16,"column":136},"end":{"line":16,"column":157}},{"start":{"line":16,"column":161},"end":{"line":16,"column":166}}],"line":16},"88":{"loc":{"start":{"line":16,"column":200},"end":{"line":16,"column":254}},"type":"if","locations":[{"start":{"line":16,"column":200},"end":{"line":16,"column":254}},{"start":{"line":16,"column":200},"end":{"line":16,"column":254}}],"line":16},"89":{"loc":{"start":{"line":17,"column":62},"end":{"line":17,"column":131}},"type":"if","locations":[{"start":{"line":17,"column":62},"end":{"line":17,"column":131}},{"start":{"line":17,"column":62},"end":{"line":17,"column":131}}],"line":17},"90":{"loc":{"start":{"line":17,"column":132},"end":{"line":17,"column":193}},"type":"if","locations":[{"start":{"line":17,"column":132},"end":{"line":17,"column":193}},{"start":{"line":17,"column":132},"end":{"line":17,"column":193}}],"line":17},"91":{"loc":{"start":{"line":18,"column":77},"end":{"line":18,"column":122}},"type":"cond-expr","locations":[{"start":{"line":18,"column":105},"end":{"line":18,"column":108}},{"start":{"line":18,"column":111},"end":{"line":18,"column":122}}],"line":18},"92":{"loc":{"start":{"line":19,"column":37},"end":{"line":19,"column":101}},"type":"if","locations":[{"start":{"line":19,"column":37},"end":{"line":19,"column":101}},{"start":{"line":19,"column":37},"end":{"line":19,"column":101}}],"line":19},"93":{"loc":{"start":{"line":19,"column":41},"end":{"line":19,"column":86}},"type":"binary-expr","locations":[{"start":{"line":19,"column":41},"end":{"line":19,"column":68}},{"start":{"line":19,"column":72},"end":{"line":19,"column":86}}],"line":19},"94":{"loc":{"start":{"line":19,"column":140},"end":{"line":19,"column":326}},"type":"if","locations":[{"start":{"line":19,"column":140},"end":{"line":19,"column":326}},{"start":{"line":19,"column":140},"end":{"line":19,"column":326}}],"line":19},"95":{"loc":{"start":{"line":19,"column":193},"end":{"line":19,"column":210}},"type":"binary-expr","locations":[{"start":{"line":19,"column":193},"end":{"line":19,"column":197}},{"start":{"line":19,"column":201},"end":{"line":19,"column":210}}],"line":19},"96":{"loc":{"start":{"line":19,"column":213},"end":{"line":19,"column":255}},"type":"if","locations":[{"start":{"line":19,"column":213},"end":{"line":19,"column":255}},{"start":{"line":19,"column":213},"end":{"line":19,"column":255}}],"line":19},"97":{"loc":{"start":{"line":19,"column":335},"end":{"line":19,"column":370}},"type":"cond-expr","locations":[{"start":{"line":19,"column":355},"end":{"line":19,"column":361}},{"start":{"line":19,"column":364},"end":{"line":19,"column":370}}],"line":19},"98":{"loc":{"start":{"line":30,"column":20},"end":{"line":69,"column":11}},"type":"switch","locations":[{"start":{"line":31,"column":12},"end":{"line":40,"column":18}},{"start":{"line":41,"column":12},"end":{"line":43,"column":70}},{"start":{"line":44,"column":12},"end":{"line":52,"column":52}},{"start":{"line":53,"column":12},"end":{"line":58,"column":18}},{"start":{"line":59,"column":12},"end":{"line":65,"column":18}},{"start":{"line":66,"column":12},"end":{"line":66,"column":20}},{"start":{"line":67,"column":12},"end":{"line":68,"column":37}}],"line":30},"99":{"loc":{"start":{"line":34,"column":14},"end":{"line":37,"column":15}},"type":"if","locations":[{"start":{"line":34,"column":14},"end":{"line":37,"column":15}},{"start":{"line":34,"column":14},"end":{"line":37,"column":15}}],"line":34},"100":{"loc":{"start":{"line":83,"column":20},"end":{"line":117,"column":11}},"type":"switch","locations":[{"start":{"line":84,"column":12},"end":{"line":94,"column":18}},{"start":{"line":95,"column":12},"end":{"line":106,"column":18}},{"start":{"line":107,"column":12},"end":{"line":113,"column":17}},{"start":{"line":114,"column":12},"end":{"line":114,"column":20}},{"start":{"line":115,"column":12},"end":{"line":116,"column":38}}],"line":83},"101":{"loc":{"start":{"line":88,"column":14},"end":{"line":91,"column":15}},"type":"if","locations":[{"start":{"line":88,"column":14},"end":{"line":91,"column":15}},{"start":{"line":88,"column":14},"end":{"line":91,"column":15}}],"line":88}},"s":{"0":1,"1":1,"2":1,"3":1,"4":1,"5":1,"6":1,"7":4,"8":0,"9":1,"10":1,"11":1,"12":1,"13":1,"14":1,"15":0,"16":1,"17":1,"18":1,"19":1,"20":13,"21":1,"22":1,"23":0,"24":0,"25":0,"26":0,"27":0,"28":0,"29":0,"30":0,"31":0,"32":1,"33":1,"34":1,"35":1,"36":0,"37":1,"38":1,"39":1,"40":1,"41":2,"42":6,"43":0,"44":0,"45":0,"46":0,"47":0,"48":0,"49":0,"50":0,"51":0,"52":0,"53":0,"54":0,"55":0,"56":0,"57":0,"58":0,"59":0,"60":0,"61":0,"62":0,"63":0,"64":0,"65":0,"66":0,"67":0,"68":0,"69":0,"70":0,"71":0,"72":0,"73":0,"74":0,"75":0,"76":0,"77":0,"78":0,"79":0,"80":0,"81":0,"82":0,"83":0,"84":0,"85":0,"86":0,"87":0,"88":0,"89":0,"90":0,"91":0,"92":0,"93":0,"94":0,"95":0,"96":0,"97":0,"98":0,"99":0,"100":0,"101":0,"102":1,"103":1,"104":1,"105":1,"106":0,"107":0,"108":0,"109":0,"110":0,"111":0,"112":0,"113":0,"114":0,"115":0,"116":0,"117":0,"118":1,"119":0,"120":0,"121":2,"122":0,"123":0,"124":0,"125":0,"126":0,"127":0,"128":0,"129":0,"130":0,"131":0,"132":0,"133":0,"134":0,"135":0,"136":0,"137":0,"138":0,"139":0,"140":0,"141":0,"142":0,"143":0,"144":0,"145":0,"146":0,"147":0,"148":0,"149":0,"150":0,"151":0,"152":0,"153":0,"154":0,"155":0,"156":0,"157":0,"158":0,"159":0,"160":0,"161":0,"162":0,"163":0,"164":0,"165":0,"166":0,"167":0,"168":
[...]
3},"end":{"line":15,"column":197}},{"start":{"line":15,"column":201},"end":{"line":15,"column":210}}],"line":15},"94":{"loc":{"start":{"line":15,"column":213},"end":{"line":15,"column":255}},"type":"if","locations":[{"start":{"line":15,"column":213},"end":{"line":15,"column":255}},{"start":{"line":15,"column":213},"end":{"line":15,"column":255}}],"line":15},"95":{"loc":{"start":{"line":15,"column":335},"end":{"line":15,"column":370}},"type":"cond-expr","locations":[{"start":{"line":15,"column":355},"end":{"line":15,"column":361}},{"start":{"line":15,"column":364},"end":{"line":15,"column":370}}],"line":15},"96":{"loc":{"start":{"line":25,"column":20},"end":{"line":33,"column":11}},"type":"switch","locations":[{"start":{"line":26,"column":12},"end":{"line":29,"column":17}},{"start":{"line":30,"column":12},"end":{"line":30,"column":19}},{"start":{"line":31,"column":12},"end":{"line":32,"column":37}}],"line":25}},"s":{"0":1,"1":1,"2":1,"3":2,"4":0,"5":1,"6":1,"7":1,"8":1,"9":1,"10":1,"11":0,"12":1,"13":1,"14":1,"15":1,"16":13,"17":1,"18":1,"19":0,"20":0,"21":1,"22":1,"23":1,"24":1,"25":1,"26":1,"27":0,"28":1,"29":1,"30":1,"31":1,"32":0,"33":1,"34":1,"35":1,"36":1,"37":2,"38":6,"39":1,"40":0,"41":0,"42":0,"43":0,"44":0,"45":0,"46":0,"47":0,"48":0,"49":0,"50":0,"51":0,"52":0,"53":0,"54":1,"55":1,"56":1,"57":0,"58":1,"59":0,"60":0,"61":0,"62":1,"63":1,"64":1,"65":0,"66":0,"67":0,"68":0,"69":0,"70":1,"71":1,"72":0,"73":0,"74":0,"75":0,"76":0,"77":1,"78":1,"79":1,"80":1,"81":0,"82":1,"83":0,"84":0,"85":0,"86":0,"87":0,"88":0,"89":0,"90":0,"91":0,"92":0,"93":0,"94":0,"95":1,"96":1,"97":1,"98":1,"99":1,"100":1,"101":1,"102":0,"103":0,"104":0,"105":0,"106":0,"107":0,"108":0,"109":0,"110":0,"111":0,"112":0,"113":0,"114":1,"115":0,"116":0,"117":1,"118":0,"119":0,"120":0,"121":0,"122":0,"123":0,"124":0,"125":0,"126":0,"127":0,"128":0,"129":0,"130":0,"131":0,"132":0,"133":0,"134":0,"135":0,"136":1,"137":0,"138":0,"139":1,"140":1,"141":1,"142":0,"143":1,"144":0,"145":0,"146":0,"147":0,"148":0,"149":0,"150":0,"151":0,"152":0,"153":0,"154":0,"155":0,"156":0,"157":0,"158":0,"159":0,"160":0,"161":0,"162":0,"163":0,"164":0,"165":0,"166":0,"167":0,"168":0,"169":0,"170":0,"171":0,"172":0,"173":0,"174":0,"175":0,"176":0,"177":0,"178":0,"179":0,"180":0,"181":0,"182":0,"183":0,"184":0,"185":0,"186":0,"187":0,"188":0,"189":0,"190":0,"191":0,"192":0,"193":0,"194":0,"195":0,"196":0,"197":1,"198":1,"199":1,"200":0,"201":0,"202":1,"203":1,"204":0,"205":1,"206":1,"207":1,"208":1,"209":1,"210":1,"211":0,"212":1,"213":1,"214":0,"215":1,"216":1,"217":1,"218":1,"219":1,"220":1,"221":1,"222":1,"223":1,"224":1,"225":1,"226":0,"227":1,"228":1,"229":1,"230":1,"231":1,"232":1,"233":0,"234":0,"235":0,"236":0,"237":0,"238":0,"239":0,"240":1,"241":1,"242":1,"243":1,"244":1,"245":1,"246":1,"247":1,"248":1,"249":1,"250":1,"251":1,"252":1,"253":1,"254":1,"255":1},"f":{"0":1,"1":2,"2":0,"3":1,"4":1,"5":0,"6":13,"7":0,"8":1,"9":1,"10":0,"11":0,"12":0,"13":0,"14":2,"15":6,"16":1,"17":0,"18":0,"19":0,"20":0,"21":0,"22":0,"23":0,"24":0,"25":0,"26":1,"27":1,"28":0,"29":0,"30":1,"31":1,"32":1,"33":0,"34":0,"35":0,"36":1,"37":0,"38":0,"39":0,"40":0,"41":0,"42":0,"43":0,"44":0,"45":1,"46":1,"47":0,"48":0,"49":0,"50":0,"51":0,"52":0,"53":0,"54":1,"55":1,"56":1,"57":1,"58":1,"59":0,"60":1,"61":1,"62":1,"63":1,"64":1,"65":1,"66":1,"67":1,"68":1,"69":1,"70":1},"b":{"0":[1,0],"1":[1,1],"2":[0,0],"3":[0,0,0,0],"4":[1,0],"5":[1,0],"6":[1,0],"7":[1,0],"8":[1,0],"9":[1,0],"10":[1,1],"11":[1,1],"12":[1,1],"13":[1,1,1,1],"14":[0,0],"15":[0,0],"16":[0,0,0],"17":[0,0],"18":[0,1],"19":[0,1],"20":[0,0],"21":[0,1],"22":[0,0],"23":[0,0],"24":[1,0],"25":[0,0],"26":[0,0],"27":[0,0],"28":[1,0],"29":[0,1],"30":[1,0],"31":[0,0],"32":[0,0],"33":[0,0,0,0,0],"34":[0,0],"35":[0,0],"36":[0,0],"37":[0,0],"38":[0,0],"39":[0,0],"40":[1,1],"41":[1,0],"42":[1,0],"43":[0,0],"44":[0,0],"45":[0,0],"46":[0,0],"47":[0,0,0],"48":[0,0],"49":[1,0],"50":[0,0],"51":[0,0],"52":[0,0],"53":[0,0],"54":[0,1],"55":[0,0,0,0],"56":[0,1],"57":[0,0],"58":[0,0],"59":[0,0],"60":[0,0],"61":[0,0],"62":[0,0],"63":[0,0],"64":[0,0],"65":[0,0],"66":[0,0],"67":[0,0],"68":[0,0],"69":[0,0],"70":[0,0,0],"71":[0,0,0,0,0,0],"72":[0,0],"73":[0,0],"74":[0,0],"75":[0,0],"76":[0,0],"77":[0,0],"78":[0,0,0],"79":[0,0],"80":[0,0],"81":[0,0],"82":[0,0],"83":[1,0],"84":[0,1],"85":[1,1],"86":[1,0],"87":[1,0],"88":[0,1],"89":[0,1],"90":[1,0],"91":[1,0],"92":[0,0],"93":[0,0],"94":[0,0],"95":[0,0],"96":[1,1,1]},"inputSourceMap":{"version":3,"names":["_regeneratorRuntime","exports","Op","Object","prototype","hasOwn","hasOwnProperty","defineProperty","obj","key","desc","value","$Symbol","Symbol","iteratorSymbol","iterator","asyncIteratorSymbol","asyncIterator","toStringTagSymbol","toStringTag","define","enumerable","configurable","writable","err","wrap","innerFn","outerFn","self","tryLocsList","protoGenerator","Generator","generator","create","context","Context","makeInvokeMethod","tryCatch","fn","arg","type","call","ContinueSentinel","GeneratorFunction","GeneratorFunctionPrototype","IteratorPrototype","getProto","getPrototypeOf","NativeIteratorPrototype","values","Gp","defineIteratorMethods","forEach","method","_invoke","AsyncIterator","PromiseImpl","invoke","resolve","reject","record","result","_typeof","__await","then","unwrapped","error","previousPromise","callInvokeWithMethodAndArg","state","Error","doneResult","delegate","delegateResult","maybeInvokeDelegate","sent","_sent","dispatchException","abrupt","done","methodName","undefined","TypeError","info","resultName","next","nextLoc","pushTryEntry","locs","entry","tryLoc","catchLoc","finallyLoc","afterLoc","tryEntries","push","resetTryEntry","completion","reset","iterable","iteratorMethod","isNaN","length","i","displayName","isGeneratorFunction","genFun","ctor","constructor","name","mark","setPrototypeOf","__proto__","awrap","async","Promise","iter","keys","val","object","reverse","pop","skipTempReset","prev","charAt","slice","stop","rootRecord","rval","exception","handle","loc","caught","hasCatch","hasFinally","finallyEntry","complete","finish","_catch","thrown","delegateYield","asyncGeneratorStep","gen","_next","_throw","_asyncToGenerator","args","arguments","apply","_classCallCheck","instance","Constructor","_defineProperties","target","props","descriptor","_toPropertyKey","_createClass","protoProps","staticProps","_toPrimitive","String","input","hint","prim","toPrimitive","res","Number","WelcomeController","_welcome","_callee","req","_callee$","_context","status","json","message","welcome","_x","_x2","welcomeController","_default"],"sourceRoot":"/home/tuyizere/quiz-app-backend/src/controllers/","sources":["welcome.controllers.js"],"sourcesContent":["export class WelcomeController {\n  async welcome(req, res) {\n    res.status(200).json({\n      message: \"Welcome to QUIZ APP BACKEND\",\n    });\n  }\n}\nconst welcomeController = new WelcomeController();\nexport default welcomeController;\n"],"mappings":";;;;;;;+CACA,qJAAAA,mBAAA,YAAAA,oBAAA,WAAAC,OAAA,SAAAA,OAAA,OAAAC,EAAA,GAAAC,MAAA,CAAAC,SAAA,EAAAC,MAAA,GAAAH,EAAA,CAAAI,cAAA,EAAAC,cAAA,GAAAJ,MAAA,CAAAI,cAAA,cAAAC,GAAA,EAAAC,GAAA,EAAAC,IAAA,IAAAF,GAAA,CAAAC,GAAA,IAAAC,IAAA,CAAAC,KAAA,KAAAC,OAAA,wBAAAC,MAAA,GAAAA,MAAA,OAAAC,cAAA,GAAAF,OAAA,CAAAG,QAAA,kBAAAC,mBAAA,GAAAJ,OAAA,CAAAK,aAAA,uBAAAC,iBAAA,GAAAN,OAAA,CAAAO,WAAA,8BAAAC,OAAAZ,GAAA,EAAAC,GAAA,EAAAE,KAAA,WAAAR,MAAA,CAAAI,cAAA,CAAAC,GAAA,EAAAC,GAAA,IAAAE,KAAA,EAAAA,KAAA,EAAAU,UAAA,MAAAC,YAAA,MAAAC,QAAA,SAAAf,GAAA,CAAAC,GAAA,WAAAW,MAAA,mBAAAI,GAAA,IAAAJ,MAAA,YAAAA,OAAAZ,GAAA,EAAAC,GAAA,EAAAE,KAAA,WAAAH,GAAA,CAAAC,GAAA,IAAAE,KAAA,gBAAAc,KAAAC,OAAA,EAAAC,OAAA,EAAAC,IAAA,EAAAC,WAAA,QAAAC,cAAA,GAAAH,OAAA,IAAAA,OAAA,CAAAvB,SAAA,YAAA2B,SAAA,GAAAJ,OAAA,GAAAI,SAAA,EAAAC,SAAA,GAAA7B,MAAA,CAAA8B,MAAA,CAAAH,cAAA,CAAA1B,SAAA,GAAA8B,OAAA,OAAAC,OAAA,CAAAN,WAAA,gBAAAtB,cAAA,CAAAyB,SAAA,eAAArB,KAAA,EAAAyB,gBAAA,CAAAV,OAAA,EAAAE,IAAA,EAAAM,OAAA,MAAAF,SAAA,aAAAK,SAAAC,EAAA,EAAA9B,GAAA,EAAA+B,GAAA,mBAAAC,IAAA,YAAAD,GAAA,EAAAD,EAAA,CAAAG,IAAA,CAAAjC,GAAA,EAAA+B,GAAA,cAAAf,GAAA,aAAAgB,IAAA,WAAAD,GAAA,EAAAf,GAAA,QAAAvB,OAAA,CAAAwB,IAAA,GAAAA,IAAA,MAAAiB,gBAAA,gBAAAX,UAAA,cAAAY,kBAAA,cAAAC,2BAAA,SAAAC,iBAAA,OAAAzB,MAAA,CAAAyB,iBAAA,EAAA/B,cAAA,qCAAAgC,QAAA,GAAA3C,MAAA,CAAA4C,cAAA,EAAAC,uBAAA,GAAAF,QAAA,IAAAA,QAAA,CAAAA,QAAA,CAAAG,MAAA,QAAAD,uBAAA,IAAAA,uBAAA,KAAA9C,EAAA,IAAAG,MAAA,CAAAoC,IAAA,CAAAO,uBAAA,EAAAlC,cAAA,MAAA+B,iBAAA,GAAAG,uBAAA,OAAAE,EAAA,GAAAN,0BAAA,CAAAxC,SAAA,GAAA2B,SAAA,CAAA3B,SAAA,GAAAD,MAAA,CAAA8B,MAAA,CAAAY,iBAAA,YAAAM,sBAAA/C,SAAA,gCAAAgD,OAAA,WAAAC,MAAA,IAAAjC,MAAA,CAAAhB,SAAA,EAAAiD,MAAA,YAAAd,GAAA,gBAAAe,OAAA,CAAAD,MAAA,EAAAd,GAAA,sBAAAgB,cAAAvB,SAAA,EAAAwB,WAAA,aAAAC,OAAAJ,MAAA,EAAAd,GAAA,EAAAmB,OAAA,EAAAC,MAAA,QAAAC,MAAA,GAAAvB,QAAA,CAAAL,SAAA,CAAAqB,MAAA,GAAArB,SAAA,EAAAO,GAAA,mBAAAqB,MAAA,CAAApB,IAAA,QAAAqB,MAAA,GAAAD,MAAA,CAAArB,GAAA,EAAA5B,KAAA,GAAAkD,MAAA,CAAAlD,KAAA,SAAAA,KAAA,gBAAAmD,OAAA,CAAAnD,KAAA,KAAAN,MAAA,CAAAoC,IAAA,CAAA9B,KAAA,eAAA6C,WAAA,CAAAE,OAAA,CAAA/C,KAAA,CAAAoD,OAAA,EAAAC,IAAA,WAAArD,KAAA,IAAA8C,MAAA,SAAA9C,KAAA,EAAA+C,OAAA,EAAAC,MAAA,gBAAAnC,GAAA,IAAAiC,MAAA,UAAAjC,GAAA,EAAAkC,OAAA,EAAAC,MAAA,QAAAH,WAAA,CAAAE,OAAA,CAAA/C,KAAA,EAAAqD,IAAA,WAAAC,SAAA,IAAAJ,MAAA,CAAAlD,KAAA,GAAAsD,SAAA,EAAAP,OAAA,CAAAG,MAAA,gBAAAK,KAAA,WAAAT,MAAA,UAAAS,KAAA,EAAAR,OAAA,EAAAC,MAAA,SAAAA,MAAA,CAAAC,MAAA,CAAArB,GAAA,SAAA4B,eAAA,EAAA5D,cAAA,oBAAAI,KAAA,WAAAA,MAAA0C,MAAA,EAAAd,GAAA,aAAA6B,2BAAA,eAAAZ,WAAA,WAAAE,OAAA,EAAAC,MAAA,IAAAF,MAAA,CAAAJ,MAAA,EAAAd,GAAA,EAAAmB,OAAA,EAAAC,MAAA,gBAAAQ,eAAA,GAAAA,eAAA,GAAAA,eAAA,CAAAH,IAAA,CAAAI,0BAAA,EAAAA,0BAAA,IAAAA,0BAAA,qBAAAhC,iBAAAV,OAAA,EAAAE,IAAA,EAAAM,OAAA,QAAAmC,KAAA,sCAAAhB,MAAA,EAAAd,GAAA,wBAAA8B,KAAA,YAAAC,KAAA,sDAAAD,KAAA,oBAAAhB,MAAA,QAAAd,GAAA,SAAAgC,UAAA,WAAArC,OAAA,CAAAmB,MAAA,GAAAA,MAAA,EAAAnB,OAAA,CAAAK,GAAA,GAAAA,GAAA,UAAAiC,QAAA,GAAAtC,OAAA,CAAAsC,QAAA,MAAAA,QAAA,QAAAC,cAAA,GAAAC,mBAAA,CAAAF,QAAA,EAAAtC,OAAA,OAAAuC,cAAA,QAAAA,cAAA,KAAA/B,gBAAA,mBAAA+B,cAAA,qBAAAvC,OAAA,CAAAmB,MAAA,EAAAnB,OAAA,CAAAyC,IAAA,GAAAzC,OAAA,CAAA0C,KAAA,GAAA1C,OAAA,CAAAK,GAAA,sBAAAL,OAAA,CAAAmB,MAAA,6BAAAgB,KAAA,QAAAA,KAAA,gBAAAnC,OAAA,CAAAK,GAAA,EAAAL,OAAA,CAAA2C,iBAAA,CAAA3C,OAAA,CAAAK,GAAA,uBAAAL,OAAA,CAAAmB,MAAA,IAAAnB,OAAA,CAAA4C,MAAA,WAAA5C,OAAA,CAAAK,GAAA,GAAA8B,KAAA,oBAAAT,MAAA,GAAAvB,QAAA,CAAAX,OAAA,EAAAE,IAAA,EAAAM,OAAA,oBAAA0B,MAAA,CAAApB,IAAA,QAAA6B,KAAA,GAAAnC,OAAA,CAAA6C,IAAA,mCAAAnB,MAAA,CAAArB,GAAA,KAAAG,gBAAA,qBAAA/B,KAAA,EAAAiD,MAAA,CAAArB,GAAA,EAAAwC,IAAA,EAAA7C,OAAA,CAAA6C,IAAA,kBAAAnB,MAAA,CAAApB,IAAA,KAAA6B,KAAA,gBAAAnC,OAAA,CAAAmB,MAAA,YAAAnB,OAAA,CAAAK,GAAA,GAAAqB,MAAA,CAAArB,GAAA,mBAAAmC,oBAAAF,QAAA,EAAAtC,OAAA,QAAA8C,UAAA,GAAA9C,OAAA,CAAAmB,MAAA,EAAAA,MAAA,GAAAmB,QAAA,CAAAzD,QAAA,CAAAiE,UAAA,OAAAC,SAAA,KAAA5B,MAAA,SAAAnB,OAAA,CAAAsC,QAAA,qBAAAQ,UAAA,IAAAR,QAAA,CAAAzD,QAAA,eAAAmB,OAAA,CAAAmB,MAAA,aAAAnB,OAAA,CAAAK,GAAA,GAAA0C,SAAA,EAAAP,mBAAA,CAAAF,QAAA,EAAAtC,OAAA,eAAAA,OAAA,CAAAmB,MAAA,kBAAA2B,UAAA,KAAA9C,OAAA,CAAAmB,MAAA,YAAAnB,OAAA,CAAAK,GAAA,OAAA2C,SAAA,uCAAAF,UAAA,iBAAAtC,gBAAA,MAAAkB,MAAA,GAAAvB,QAAA,CAAAgB,MAAA,EAAAmB,QAAA,CAAAzD,QAAA,EAAAmB,OAAA,CAAAK,GAAA,mBAAAqB,MAAA,CAAApB,IAAA,SAAAN,OAAA,CAAAmB,MAAA,YAAAnB,OAAA,CAAAK,GAAA,GAAAqB,MAAA,CAAArB,GAAA,EAAAL,OAAA,CAAAsC,QAAA,SAAA9B,gBAAA,MAAAyC,IAAA,GAAAvB,MAAA,CAAArB,GAAA,SAAA4C,IAAA,GAAAA,IAAA,CAAAJ,IAAA,IAAA7C,OAAA,CAAAsC,QAAA,CAAAY,UAAA,IAAAD,IAAA,CAAAxE,KAAA,EAAAuB,OAAA,CAAAmD,IAAA,GAAAb,QAAA,CAAAc,OAAA,eAAApD,OAAA,CAAAmB,MAAA,KAAAnB,OAAA,CAAAmB,MAAA,WAAAnB,OAAA,CAAAK,GAAA,GAAA0C,SAAA,GAAA/C,OAAA,CAAAsC,QAAA,SAAA9B,gBAAA,IAAAyC,IAAA,IAAAjD,OAAA,CAAAmB,MAAA,YAAAnB,OAAA,CAAAK,GAAA,OAAA2C,SAAA,sCAAAhD,OAAA,CAAAsC,QAAA,SAAA9B,gBAAA,cAAA6C,aAAAC,IAAA,QAAAC,KAAA,KAAAC,MAAA,EAAAF,IAAA,YAAAA,IAAA,KAAAC,KAAA,CAAAE,QAAA,GAAAH,IAAA,WAAAA,IAAA,KAAAC,KAAA,CAAAG,UAAA,GAAAJ,IAAA,KAAAC,KAAA,CAAAI,QAAA,GAAAL,IAAA,WAAAM,UAAA,CAAAC,IAAA,CAAAN,KAAA,cAAAO,cAAAP,KAAA,QAAA7B,MAAA,GAAA6B,KAAA,CAAAQ,UAAA,QAAArC,MAAA,CAAApB,IAAA,oBAAAoB,MAAA,CAAArB,GAAA,EAAAkD,KAAA,CAAAQ,UAAA,GAAArC,MAAA,aAAAzB,QAAAN,WAAA,SAAAiE,UAAA,MAAAJ,MAAA,aAAA7D,WAAA,CAAAuB,OAAA,CAAAmC,YAAA,cAAAW,KAAA,iBAAAjD,OAAAkD,QAAA,QAAAA,QAAA,QAAAC,cAAA,GAAAD,QAAA,CAAArF,cAAA,OAAAsF,cAAA,SAAAA,cAAA,CAAA3D,IAAA,CAAA0D,QAAA,4BAAAA,QAAA,CAAAd,IAAA,SAAAc,QAAA,OAAAE,KAAA,CAAAF,QAAA,CAAAG,MAAA,SAAAC,CAAA,OAAAlB,IAAA,YAAAA,KAAA,aAAAkB,CAAA,GAAAJ,QAAA,CAAAG,MAAA,OAAAjG,MAAA,CAAAoC,IAAA,CAAA0D,QAAA,EAAAI,CAAA,UAAAlB,IAAA,CAAA1E,KAAA,GAAAwF,QAAA,CAAAI,CAAA,GAAAlB,IAAA,CAAAN,IAAA,OAAAM,IAAA,SAAAA,IAAA,CAAA1E,KAAA,GAAAsE,SAAA,EAAAI,IAAA,CAAAN,IAAA,OAAAM,IAAA,YAAAA,IAAA,CAAAA,IAAA,GAAAA,IAAA,eAAAA,IAAA,EAAAd,UAAA,eAAAA,WAAA,aAAA5D,KAAA,EAAAsE,SAAA,EAAAF,IAAA,iBAAApC,iBAAA,CAAAvC,SAAA,GAAAwC,0BAAA,EAAArC,cAAA,CAAA2C,EAAA,mBAAAvC,KAAA,EAAAiC,0BAAA,EAAAtB,YAAA,SAAAf,cAAA,CAAAqC,0BAAA,mBAAAjC,KAAA,EAAAgC,iBAAA,EAAArB,YAAA,SAAAqB,iBAAA,CAAA6D,WAAA,GAAApF,MAAA,CAAAwB,0BAAA,EAAA1B,iBAAA,wBAAAjB,OAAA,CAAAwG,mBAAA,aAAAC,MAAA,QAAAC,IAAA,wBAAAD,MAAA,IAAAA,MAAA,CAAAE,WAAA,WAAAD,IAAA,KAAAA,IAAA,KAAAhE,iBAAA,6BAAAgE,IAAA,CAAAH,WAAA,IAAAG,IAAA,CAAAE,IAAA,OAAA5G,OAAA,CAAA6G,IAAA,aAAAJ,MAAA,WAAAvG,MAAA,CAAA4G,cAAA,GAAA5G,MAAA,CAAA4G,cAAA,CAAAL,MAAA,EAAA9D,0BAAA,KAAA8D,MAAA,CAAAM,SAAA,GAAApE,0BAAA,EAAAxB,MAAA,CAAAsF,MAAA,EAAAxF,iBAAA,yBAAAwF,MAAA,CAAAtG,SAAA,GAAAD,MAAA,CAAA8B,MAAA,CAAAiB,EAAA,GAAAwD,MAAA,KAAAzG,OAAA,CAAAgH,KAAA,aAAA1E,GAAA,aAAAwB,OAAA,EAAAxB,GAAA,OAAAY,qBAAA,CAAAI,aAAA,CAAAnD,SAAA,GAAAgB,MAAA,CAAAmC,aAAA,CAAAnD,SAAA,EAAAY,mBAAA,iCAAAf,OAAA,CAAAsD,aAAA,GAAAA,aAAA,EAAAtD,OAAA,CAAAiH,KAAA,aAAAxF,OAAA,EAAAC,OAAA,EAAAC,IAAA,EAAAC,WAAA,EAAA2B,WAAA,eAAAA,WAAA,KAAAA,WAAA,GAAA2D,OAAA,OAAAC,IAAA,OAAA7D,aAAA,CAAA9B,IAAA,CAAAC,OAAA,EAAAC,OAAA,EAAAC,IAAA,EAAAC,WAAA,GAAA2B,WAAA,UAAAvD,OAAA,CAAAwG,mBAAA,CAAA9E,OAAA,IAAAyF,IAAA,GAAAA,IAAA,CAAA/B,IAAA,GAAArB,IAAA,WAAAH,MAAA,WAAAA,MAAA,CAAAkB,IAAA,GAAAlB,MAAA,CAAAlD,KAAA,GAAAyG,IAAA,CAAA/B,IAAA,WAAAlC,qBAAA,CAAAD,EAAA,GAAA9B,MAAA,CAAA8B,EAAA,EAAAhC,iBAAA,gBAAAE,MAAA,CAAA8B,EAAA,EAAApC,cAAA,iCAAAM,MAAA,CAAA8B,EAAA,6DAAAjD,OAAA,CAAAoH,IAAA,aAAAC,GAAA,QAAAC,MAAA,GAAApH,MAAA,CAAAmH,GAAA,GAAAD,IAAA,gBAAA5G,GAAA,IAAA8G,MAAA,EAAAF,IAAA,CAAAtB,IAAA,CAAAtF,GAAA,UAAA4G,IAAA,CAAAG,OAAA,aAAAnC,KAAA,WAAAgC,IAAA,CAAAf,MAAA,SAAA7F,GAAA,GAAA4G,IAAA,CAAAI,GAAA,QAAAhH,GAAA,IAAA8G,MAAA,SAAAlC,IAAA,CAAA1E,KAAA,GAAAF,GAAA,EAAA4E,IAAA,CAAAN,IAAA,OAAAM,IAAA,WAAAA,IAAA,CAAAN,IAAA,OAAAM,IAAA,QAAApF,OAAA,CAAAgD,MAAA,GAAAA,MAAA,EAAAd,OAAA,CAAA/B,SAAA,KAAAwG,WAAA,EAAAzE,OAAA,EAAA+D,KAAA,WAAAA,MAAAwB,aAAA,aAAAC,IAAA,WAAAtC,IAAA,WAAAV,IAAA,QAAAC,KAAA,GAAAK,SAAA,OAAAF,IAAA,YAAAP,QAAA,cAAAnB,MAAA,gBAAAd,GAAA,GAAA0C,SAAA,OAAAa,UAAA,CAAA1C,OAAA,CAAA4C,aAAA,IAAA0B,aAAA,WAAAb,IAAA,kBAAAA,IAAA,CAAAe,MAAA,OAAAvH,MAAA,CAAAoC,IAAA,OAAAoE,IAAA,MAAAR,KAAA,EAAAQ,IAAA,CAAAgB,KAAA,cAAAhB,IAAA,IAAA5B,SAAA,MAAA6C,IAAA,WAAAA,KAAA,SAAA/C,IAAA,WAAAgD,UAAA,QAAAjC,UAAA,IAAAG,UAAA,kBAAA8B,UAAA,CAAAvF,IAAA,QAAAuF,UAAA,CAAAxF,GAAA,cAAAyF,IAAA,KAAAnD,iBAAA,WAAAA,kBAAAoD,SAAA,aAAAlD,IAAA,QAAAkD,SAAA,MAAA/F,OAAA,kBAAAgG,OAAAC,GAAA,EAAAC,MAAA,WAAAxE,MAAA,CAAApB,IAAA,YAAAoB,MAAA,CAAArB,GAAA,GAAA0F,SAAA,EAAA/F,OAAA,CAAAmD,IAAA,GAAA8C,GAAA,EAAAC,MAAA,KAAAlG,OAAA,CAAAmB,MAAA,WAAAnB,OAAA,CAAAK,GAAA,GAAA0C,SAAA,KAAAmD,MAAA,aAAA7B,CAAA,QAAAT,UAAA,CAAAQ,MAAA,MAAAC,CAAA,SAAAA,CAAA,QAAAd,KAAA,QAAAK,UAAA,CAAAS,CAAA,GAAA3C,MAAA,GAAA6B,KAAA,CAAAQ,UAAA,iBAAAR,KAAA,CAAAC,MAAA,SAAAwC,MAAA,aAAAzC,KAAA,CAAAC,MAAA,SAAAiC,IAAA,QAAAU,QAAA,GAAAhI,MAAA,CAAAoC,IAAA,CAAAgD,KAAA,eAAA6C,UAAA,GAAAjI,MAAA,CAAAoC,IAAA,CAAAgD,KAAA,qBAAA4C,QAAA,IAAAC,UAAA,aAAAX,IAAA,GAAAlC,KAAA,CAAAE,QAAA,SAAAuC,MAAA,CAAAzC,KAAA,CAAAE,QAAA,gBAAAgC,IAAA,GAAAlC,KAAA,CAAAG,UAAA,SAAAsC,MAAA,CAAAzC,KAAA,CAAAG,UAAA,cAAAyC,QAAA,aAAAV,IAAA,GAAAlC,KAAA,CAAAE,QAAA,SAAAuC,MAAA,CAAAzC,KAAA,CAAAE,QAAA,qBAAA2C,UAAA,YAAAhE,KAAA,qDAAAqD,IAAA,GAAAlC,KAAA,CAAAG,UAAA,SAAAsC,MAAA,CAAAzC,KAAA,CAAAG,UAAA,YAAAd,MAAA,WAAAA,OAAAtC,IAAA,EAAAD,GAAA,aAAAgE,CAAA,QAAAT,UAAA,CAAAQ,MAAA,MAAAC,CAAA,SAAAA,CAAA,QAAAd,KAAA,QAAAK,UAAA,CAAAS,CAAA,OAAAd,KAAA,CAAAC,MAAA,SAAAiC,IAAA,IAAAtH,MAAA,CAAAoC,IAAA,CAAAgD,KAAA,wBAAAkC,IAAA,GAAAlC,KAAA,CAAAG,UAAA,QAAA2C,YAAA,GAAA9C,KAAA,aAAA8C,YAAA,iBAAA/F,IAAA,mBAAAA,IAAA,KAAA+F,YAAA,CAAA7C,MAAA,IAAAnD,GAAA,IAAAA,GAAA,IAAAgG,YAAA,CAAA3C,UAAA,KAAA2C,YAAA,cAAA3E,MAAA,GAAA2E,YAAA,GAAAA,YAAA,CAAAtC,UAAA,cAAArC,MAAA,CAAApB,IAAA,GAAAA,IAAA,EAAAoB,MAAA,CAAArB,GAAA,GAAAA,GAAA,EAAAgG,YAAA,SAAAlF,MAAA,gBAAAgC,IAAA,GAAAkD,YAAA,CAAA3C,UAAA,EAAAlD,gBAAA,SAAA8F,QAAA,CAAA5E,MAAA,MAAA4E,QAAA,WAAAA,SAAA5E,MAAA,EAAAiC,QAAA,oBAAAjC,MAAA,CAAApB,IAAA,QAAAoB,MAAA,CAAArB,GAAA,qBAAAqB,MAAA,CAAApB,IAAA,mBAAAoB,MAAA,CAAApB,IAAA,QAAA6C,IAAA,GAAAzB,MAAA,CAAArB,GAAA,gBAAAqB,MAAA,CAAApB,IAAA,SAAAwF,IAAA,QAAAzF,GAAA,GAAAqB,MAAA,CAAArB,GAAA,OAAAc,MAAA,kBAAAgC,IAAA,yBAAAzB,MAAA,CAAApB,IAAA,IAAAqD,QAAA,UAAAR,IAAA,GAAAQ,QAAA,GAAAnD,gBAAA,KAAA+F,MAAA,WAAAA,OAAA7C,UAAA,aAAAW,CAAA,QAAAT,UAAA,CAAAQ,MAAA,MAAAC,CAAA,SAAAA,CAAA,QAAAd,KAAA,QAAAK,UAAA,CAAAS,CAAA,OAAAd,KAAA,CAAAG,UAAA,KAAAA,UAAA,cAAA4C,QAAA,CAAA/C,KAAA,CAAAQ,UAAA,EAAAR,KAAA,CAAAI,QAAA,GAAAG,aAAA,CAAAP,KAAA,GAAA/C,gBAAA,yBAAAgG,OAAAhD,MAAA,aAAAa,CAAA,QAAAT,UAAA,CAAAQ,MAAA,MAAAC,CAAA,SAAAA,CAAA,QAAAd,KAAA,QAAAK,UAAA,CAAAS,CAAA,OAAAd,KAAA,CAAAC,MAAA,KAAAA,MAAA,QAAA9B,MAAA,GAAA6B,KAAA,CAAAQ,UAAA,kBAAArC,MAAA,CAAApB,IAAA,QAAAmG,MAAA,GAAA/E,MAAA,CAAArB,GAAA,EAAAyD,aAAA,CAAAP,KAAA,YAAAkD,MAAA,gBAAArE,KAAA,8BAAAsE,aAAA,WAAAA,cAAAzC,QAAA,EAAAf,UAAA,EAAAE,OAAA,gBAAAd,QAAA,KAAAzD,QAAA,EAAAkC,MAAA,CAAAkD,QAAA,GAAAf,UAAA,EAAAA,UAAA,EAAAE,OAAA,EAAAA,OAAA,oBAAAjC,MAAA,UAAAd,GAAA,GAAA0C,SAAA,GAAAvC,gBAAA,OAAAzC,OAAA;AAAA,SAAA4I,mBAAAC,GAAA,EAAApF,OAAA,EAAAC,MAAA,EAAAoF,KAAA,EAAAC,MAAA,EAAAvI,GAAA,EAAA8B,GAAA,cAAA4C,IAAA,GAAA2D,GAAA,CAAArI,GAAA,EAAA8B,GAAA,OAAA5B,KAAA,GAAAwE,IAAA,CAAAxE,KAAA,WAAAuD,KAAA,IAAAP,MAAA,CAAAO,KAAA,iBAAAiB,IAAA,CAAAJ,IAAA,IAAArB,OAAA,CAAA/C,KAAA,YAAAwG,OAAA,CAAAzD,OAAA,CAAA/C,KAAA,EAAAqD,IAAA,CAAA+E,KAAA,EAAAC,MAAA;AAAA,SAAAC,kBAAA3G,EAAA,6BAAAV,IAAA,SAAAsH,IAAA,GAAAC,SAAA,aAAAhC,OAAA,WAAAzD,OAAA,EAAAC,MAAA,QAAAmF,GAAA,GAAAxG,EAAA,CAAA8G,KAAA,CAAAxH,IAAA,EAAAsH,IAAA,YAAAH,MAAApI,KAAA,IAAAkI,kBAAA,CAAAC,GAAA,EAAApF,OAAA,EAAAC,MAAA,EAAAoF,KAAA,EAAAC,MAAA,UAAArI,KAAA,cAAAqI,OAAAxH,GAAA,IAAAqH,kBAAA,CAAAC,GAAA,EAAApF,OAAA,EAAAC,MAAA,EAAAoF,KAAA,EAAAC,MAAA,WAAAxH,GAAA,KAAAuH,KAAA,CAAA9D,SAAA;AAAA,SAAAoE,gBAAAC,QAAA,EAAAC,WAAA,UAAAD,QAAA,YAAAC,WAAA,eAAArE,SAAA;AAAA,SAAAsE,kBAAAC,MAAA,EAAAC,KAAA,aAAAnD,CAAA,MAAAA,CAAA,GAAAmD,KAAA,CAAApD,MAAA,EAAAC,CAAA,UAAAoD,UAAA,GAAAD,KAAA,CAAAnD,CAAA,GAAAoD,UAAA,CAAAtI,UAAA,GAAAsI,UAAA,CAAAtI,UAAA,WAAAsI,UAAA,CAAArI,YAAA,wBAAAqI,UAAA,EAAAA,UAAA,CAAApI,QAAA,SAAApB,MAAA,CAAAI,cAAA,CAAAkJ,MAAA,EAAAG,cAAA,CAAAD,UAAA,CAAAlJ,GAAA,GAAAkJ,UAAA;AAAA,SAAAE,aAAAN,WAAA,EAAAO,UAAA,EAAAC,WAAA,QAAAD,UAAA,EAAAN,iBAAA,CAAAD,WAAA,CAAAnJ,SAAA,EAAA0J,UAAA,OAAAC,WAAA,EAAAP,iBAAA,CAAAD,WAAA,EAAAQ,WAAA,GAAA5J,MAAA,CAAAI,cAAA,CAAAgJ,WAAA,iBAAAhI,QAAA,mBAAAgI,WAAA;AAAA,SAAAK,eAAArH,GAAA,QAAA9B,GAAA,GAAAuJ,YAAA,CAAAzH,GAAA,oBAAAuB,OAAA,CAAArD,GAAA,iBAAAA,GAAA,GAAAwJ,MAAA,CAAAxJ,GAAA;AAAA,SAAAuJ,aAAAE,KAAA,EAAAC,IAAA,QAAArG,OAAA,CAAAoG,KAAA,kBAAAA,KAAA,kBAAAA,KAAA,MAAAE,IAAA,GAAAF,KAAA,CAAArJ,MAAA,CAAAwJ,WAAA,OAAAD,IAAA,KAAAnF,SAAA,QAAAqF,GAAA,GAAAF,IAAA,CAAA3H,IAAA,CAAAyH,KAAA,EAAAC,IAAA,oBAAArG,OAAA,CAAAwG,GAAA,uBAAAA,GAAA,YAAApF,SAAA,4DAAAiF,IAAA,gBAAAF,MAAA,GAAAM,MAAA,EAAAL,KAAA;AAAA,IADaM,iBAAiB;EAAA,SAAAA,kBAAA;IAAAnB,eAAA,OAAAmB,iBAAA;EAAA;EAAAX,YAAA,CAAAW,iBAAA;IAAA/J,GAAA;IAAAE,KAAA;MAAA,IAAA8J,QAAA,GAAAxB,iBAAA,eAAAjJ,mBAAA,GAAA8G,IAAA,CAC5B,SAAA4D,QAAcC,GAAG,EAAEL,GAAG;QAAA,OAAAtK,mBAAA,GAAAyB,IAAA,UAAAmJ,SAAAC,QAAA;UAAA,kBAAAA,QAAA,CAAAlD,IAAA,GAAAkD,QAAA,CAAAxF,IAAA;YAAA;cACpBiF,GAAG,CAACQ,MAAM,CAAC,GAAG,CAAC,CAACC,IAAI,CAAC;gBACnBC,OAAO,EAAE;cACX,CAAC,CAAC;YAAC;YAAA;cAAA,OAAAH,QAAA,CAAA/C,IAAA;UAAA;QAAA,GAAA4C,OAAA;MAAA,CACJ;MAAA,SAAAO,QAAAC,EAAA,EAAAC,GAAA;QAAA,OAAAV,QAAA,CAAArB,KAAA,OAAAD,SAAA;MAAA;MAAA,OAAA8B,OAAA;IAAA;EAAA;EAAA,OAAAT,iBAAA;AAAA;AAAAvK,OAAA,CAAAuK,iBAAA,GAAAA,iBAAA;AAEH,IAAMY,iBAAiB,GAAG,IAAIZ,iBAAiB,EAAE;AAAC,IAAAa,QAAA,GACnCD,iBAAiB;AAAAnL,OAAA,cAAAoL,QAAA"},"_coverageSchema":"1a1c01bbd47fc00a2c39e90264f33305004495a9","hash":"73853b5d9afd4729fa7d2439156d07e9c0b69ae3","contentHash":"4485e2702292b419ce5a104cd3e7ce44d098420fce1ee75d3e27196e058b3f2d"}}